SF:/Users/a.gerasimchuk/Documents/git/vkteams-bot/crates/vkteams-bot-macros/src/lib.rs
FN:140,_RNvCshRPQ0g6Jawt_18vkteams_bot_macros13is_type_named
FN:6,_RNvCshRPQ0g6Jawt_18vkteams_bot_macros14derive_chat_id
FN:66,_RNvCshRPQ0g6Jawt_18vkteams_bot_macros16derive_get_field
FN:19,_RNvNvCshRPQ0g6Jawt_18vkteams_bot_macros14derive_chat_id15is_chat_id_type
FN:79,_RNCNCNvCshRPQ0g6Jawt_18vkteams_bot_macros16derive_get_field00B5_
FN:85,_RNCNCNvCshRPQ0g6Jawt_18vkteams_bot_macros16derive_get_field0s_0B5_
FN:94,_RNCNCNvCshRPQ0g6Jawt_18vkteams_bot_macros16derive_get_fields_00B5_
FN:142,_RNCNvCshRPQ0g6Jawt_18vkteams_bot_macros13is_type_named0B3_
FN:31,_RNCNvCshRPQ0g6Jawt_18vkteams_bot_macros14derive_chat_id0B3_
FN:78,_RNCNvCshRPQ0g6Jawt_18vkteams_bot_macros16derive_get_field0B3_
FN:91,_RNCNvCshRPQ0g6Jawt_18vkteams_bot_macros16derive_get_fields_0B3_
FN:25,_RNCNvNvCshRPQ0g6Jawt_18vkteams_bot_macros14derive_chat_id15is_chat_id_type0B5_
FNDA:12,_RNvCshRPQ0g6Jawt_18vkteams_bot_macros13is_type_named
FNDA:0,_RNvCshRPQ0g6Jawt_18vkteams_bot_macros14derive_chat_id
FNDA:50,_RNvCshRPQ0g6Jawt_18vkteams_bot_macros16derive_get_field
FNDA:0,_RNvNvCshRPQ0g6Jawt_18vkteams_bot_macros14derive_chat_id15is_chat_id_type
FNDA:146,_RNCNCNvCshRPQ0g6Jawt_18vkteams_bot_macros16derive_get_field00B5_
FNDA:0,_RNCNCNvCshRPQ0g6Jawt_18vkteams_bot_macros16derive_get_field0s_0B5_
FNDA:118,_RNCNCNvCshRPQ0g6Jawt_18vkteams_bot_macros16derive_get_fields_00B5_
FNDA:6,_RNCNvCshRPQ0g6Jawt_18vkteams_bot_macros13is_type_named0B3_
FNDA:0,_RNCNvCshRPQ0g6Jawt_18vkteams_bot_macros14derive_chat_id0B3_
FNDA:146,_RNCNvCshRPQ0g6Jawt_18vkteams_bot_macros16derive_get_field0B3_
FNDA:118,_RNCNvCshRPQ0g6Jawt_18vkteams_bot_macros16derive_get_fields_0B3_
FNDA:0,_RNCNvNvCshRPQ0g6Jawt_18vkteams_bot_macros14derive_chat_id15is_chat_id_type0B5_
FNF:12
FNH:7
DA:6,0
DA:7,0
DA:8,0
DA:10,0
DA:11,0
DA:12,0
DA:13,0
DA:15,0
DA:19,0
DA:20,0
DA:21,0
DA:22,0
DA:23,0
DA:24,0
DA:25,0
DA:26,0
DA:27,0
DA:29,0
DA:31,0
DA:32,0
DA:33,0
DA:34,0
DA:36,0
DA:39,0
DA:41,0
DA:43,0
DA:44,0
DA:45,0
DA:46,0
DA:47,0
DA:48,0
DA:49,0
DA:50,0
DA:51,0
DA:53,0
DA:54,0
DA:55,0
DA:56,0
DA:57,0
DA:58,0
DA:59,0
DA:62,0
DA:63,0
DA:66,50
DA:67,50
DA:68,50
DA:69,50
DA:70,50
DA:71,50
DA:72,0
DA:74,0
DA:78,146
DA:79,146
DA:80,42
DA:81,0
DA:82,0
DA:83,0
DA:84,0
DA:85,0
DA:86,0
DA:87,42
DA:89,146
DA:90,50
DA:91,118
DA:92,118
DA:93,118
DA:94,118
DA:95,118
DA:96,6
DA:97,118
DA:99,50
DA:100,0
DA:101,0
DA:102,0
DA:103,0
DA:104,0
DA:105,0
DA:106,0
DA:108,50
DA:109,50
DA:110,50
DA:111,50
DA:112,50
DA:113,50
DA:114,50
DA:116,50
DA:117,6
DA:118,6
DA:119,6
DA:120,6
DA:121,6
DA:122,6
DA:123,6
DA:125,44
DA:126,44
DA:127,44
DA:128,44
DA:129,44
DA:130,44
DA:131,44
DA:133,50
DA:134,50
DA:135,50
DA:136,50
DA:137,50
DA:138,50
DA:140,12
DA:141,12
DA:142,6
DA:143,6
DA:144,0
DA:146,12
BRF:0
BRH:0
LF:123
LH:60
end_of_record
SF:/Users/a.gerasimchuk/Documents/git/vkteams-bot/crates/vkteams-bot/src/api/chats/avatar_set.rs
FN:24,_RNvNtNtNtNtCs6nKU4QwA5Sb_11vkteams_bot3api5chats10avatar_set5testss_39test_request_chats_avatar_set_serialize
FN:67,_RNvNtNtNtNtCs6nKU4QwA5Sb_11vkteams_bot3api5chats10avatar_set5testss_40test_request_chats_avatar_set_wrong_type
FN:46,_RNvNtNtNtNtCs6nKU4QwA5Sb_11vkteams_bot3api5chats10avatar_set5testss_40test_response_chats_avatar_set_serialize
FN:35,_RNvNtNtNtNtCs6nKU4QwA5Sb_11vkteams_bot3api5chats10avatar_set5testss_41test_request_chats_avatar_set_deserialize
FN:53,_RNvNtNtNtNtCs6nKU4QwA5Sb_11vkteams_bot3api5chats10avatar_set5testss_42test_response_chats_avatar_set_deserialize
FN:60,_RNvNtNtNtNtCs6nKU4QwA5Sb_11vkteams_bot3api5chats10avatar_set5testss_44test_request_chats_avatar_set_missing_fields
FNDA:1,_RNvNtNtNtNtCs6nKU4QwA5Sb_11vkteams_bot3api5chats10avatar_set5testss_39test_request_chats_avatar_set_serialize
FNDA:1,_RNvNtNtNtNtCs6nKU4QwA5Sb_11vkteams_bot3api5chats10avatar_set5testss_40test_request_chats_avatar_set_wrong_type
FNDA:1,_RNvNtNtNtNtCs6nKU4QwA5Sb_11vkteams_bot3api5chats10avatar_set5testss_40test_response_chats_avatar_set_serialize
FNDA:1,_RNvNtNtNtNtCs6nKU4QwA5Sb_11vkteams_bot3api5chats10avatar_set5testss_41test_request_chats_avatar_set_deserialize
FNDA:1,_RNvNtNtNtNtCs6nKU4QwA5Sb_11vkteams_bot3api5chats10avatar_set5testss_42test_response_chats_avatar_set_deserialize
FNDA:1,_RNvNtNtNtNtCs6nKU4QwA5Sb_11vkteams_bot3api5chats10avatar_set5testss_44test_request_chats_avatar_set_missing_fields
FNF:6
FNH:6
DA:24,1
DA:25,1
DA:26,1
DA:27,1
DA:28,1
DA:29,1
DA:30,1
DA:32,1
DA:35,1
DA:36,1
DA:37,1
DA:38,1
DA:39,1
DA:40,1
DA:41,0
DA:43,1
DA:46,1
DA:47,1
DA:48,1
DA:49,1
DA:50,1
DA:53,1
DA:54,1
DA:55,1
DA:56,1
DA:57,1
DA:60,1
DA:61,1
DA:62,1
DA:63,1
DA:64,1
DA:67,1
DA:68,1
DA:69,1
DA:70,1
DA:71,1
BRF:0
BRH:0
LF:36
LH:35
end_of_record
SF:/Users/a.gerasimchuk/Documents/git/vkteams-bot/crates/vkteams-bot/src/api/chats/block_user.rs
FN:25,_RNvNtNtNtNtCs6nKU4QwA5Sb_11vkteams_bot3api5chats10block_user5testss_39test_request_chats_block_user_serialize
FN:70,_RNvNtNtNtNtCs6nKU4QwA5Sb_11vkteams_bot3api5chats10block_user5testss_40test_response_chats_block_user_serialize
FN:38,_RNvNtNtNtNtCs6nKU4QwA5Sb_11vkteams_bot3api5chats10block_user5testss_41test_request_chats_block_user_deserialize
FN:77,_RNvNtNtNtNtCs6nKU4QwA5Sb_11vkteams_bot3api5chats10block_user5testss_42test_response_chats_block_user_deserialize
FN:63,_RNvNtNtNtNtCs6nKU4QwA5Sb_11vkteams_bot3api5chats10block_user5testss_43test_request_chats_block_user_invalid_types
FN:47,_RNvNtNtNtNtCs6nKU4QwA5Sb_11vkteams_bot3api5chats10block_user5testss_46test_request_chats_block_user_missing_optional
FN:56,_RNvNtNtNtNtCs6nKU4QwA5Sb_11vkteams_bot3api5chats10block_user5testss_46test_request_chats_block_user_missing_required
FNDA:1,_RNvNtNtNtNtCs6nKU4QwA5Sb_11vkteams_bot3api5chats10block_user5testss_39test_request_chats_block_user_serialize
FNDA:1,_RNvNtNtNtNtCs6nKU4QwA5Sb_11vkteams_bot3api5chats10block_user5testss_40test_response_chats_block_user_serialize
FNDA:1,_RNvNtNtNtNtCs6nKU4QwA5Sb_11vkteams_bot3api5chats10block_user5testss_41test_request_chats_block_user_deserialize
FNDA:1,_RNvNtNtNtNtCs6nKU4QwA5Sb_11vkteams_bot3api5chats10block_user5testss_42test_response_chats_block_user_deserialize
FNDA:1,_RNvNtNtNtNtCs6nKU4QwA5Sb_11vkteams_bot3api5chats10block_user5testss_43test_request_chats_block_user_invalid_types
FNDA:1,_RNvNtNtNtNtCs6nKU4QwA5Sb_11vkteams_bot3api5chats10block_user5testss_46test_request_chats_block_user_missing_optional
FNDA:1,_RNvNtNtNtNtCs6nKU4QwA5Sb_11vkteams_bot3api5chats10block_user5testss_46test_request_chats_block_user_missing_required
FNF:7
FNH:7
DA:25,1
DA:26,1
DA:27,1
DA:28,1
DA:29,1
DA:30,1
DA:31,1
DA:32,1
DA:33,1
DA:34,1
DA:35,1
DA:38,1
DA:39,1
DA:40,1
DA:41,1
DA:42,1
DA:43,1
DA:44,1
DA:47,1
DA:48,1
DA:49,1
DA:50,1
DA:51,1
DA:52,1
DA:53,1
DA:56,1
DA:57,1
DA:58,1
DA:59,1
DA:60,1
DA:63,1
DA:64,1
DA:65,1
DA:66,1
DA:67,1
DA:70,1
DA:71,1
DA:72,1
DA:73,1
DA:74,1
DA:77,1
DA:78,1
DA:79,1
DA:80,1
DA:81,1
BRF:0
BRH:0
LF:45
LH:45
end_of_record
SF:/Users/a.gerasimchuk/Documents/git/vkteams-bot/crates/vkteams-bot/src/api/chats/get_admins.rs
FN:25,_RNvNtNtNtNtCs6nKU4QwA5Sb_11vkteams_bot3api5chats10get_admins5testss_39test_request_chats_get_admins_serialize
FN:41,_RNvNtNtNtNtCs6nKU4QwA5Sb_11vkteams_bot3api5chats10get_admins5testss_40test_response_chats_get_admins_serialize
FN:34,_RNvNtNtNtNtCs6nKU4QwA5Sb_11vkteams_bot3api5chats10get_admins5testss_41test_request_chats_get_admins_deserialize
FN:54,_RNvNtNtNtNtCs6nKU4QwA5Sb_11vkteams_bot3api5chats10get_admins5testss_42test_response_chats_get_admins_deserialize
FN:63,_RNvNtNtNtNtCs6nKU4QwA5Sb_11vkteams_bot3api5chats10get_admins5testss_43test_response_chats_get_admins_empty_admins
FN:70,_RNvNtNtNtNtCs6nKU4QwA5Sb_11vkteams_bot3api5chats10get_admins5testss_45test_response_chats_get_admins_missing_admins
FN:84,_RNvNtNtNtNtCs6nKU4QwA5Sb_11vkteams_bot3api5chats10get_admins5testss_49test_response_chats_get_admins_admin_creator_none
FN:77,_RNvNtNtNtNtCs6nKU4QwA5Sb_11vkteams_bot3api5chats10get_admins5testss_51test_response_chats_get_admins_admin_missing_userid
FNDA:1,_RNvNtNtNtNtCs6nKU4QwA5Sb_11vkteams_bot3api5chats10get_admins5testss_39test_request_chats_get_admins_serialize
FNDA:1,_RNvNtNtNtNtCs6nKU4QwA5Sb_11vkteams_bot3api5chats10get_admins5testss_40test_response_chats_get_admins_serialize
FNDA:1,_RNvNtNtNtNtCs6nKU4QwA5Sb_11vkteams_bot3api5chats10get_admins5testss_41test_request_chats_get_admins_deserialize
FNDA:1,_RNvNtNtNtNtCs6nKU4QwA5Sb_11vkteams_bot3api5chats10get_admins5testss_42test_response_chats_get_admins_deserialize
FNDA:1,_RNvNtNtNtNtCs6nKU4QwA5Sb_11vkteams_bot3api5chats10get_admins5testss_43test_response_chats_get_admins_empty_admins
FNDA:1,_RNvNtNtNtNtCs6nKU4QwA5Sb_11vkteams_bot3api5chats10get_admins5testss_45test_response_chats_get_admins_missing_admins
FNDA:1,_RNvNtNtNtNtCs6nKU4QwA5Sb_11vkteams_bot3api5chats10get_admins5testss_49test_response_chats_get_admins_admin_creator_none
FNDA:1,_RNvNtNtNtNtCs6nKU4QwA5Sb_11vkteams_bot3api5chats10get_admins5testss_51test_response_chats_get_admins_admin_missing_userid
FNF:8
FNH:8
DA:25,1
DA:26,1
DA:27,1
DA:28,1
DA:29,1
DA:30,1
DA:31,1
DA:34,1
DA:35,1
DA:36,1
DA:37,1
DA:38,1
DA:41,1
DA:42,1
DA:43,1
DA:44,1
DA:45,1
DA:46,1
DA:47,1
DA:48,1
DA:49,1
DA:50,1
DA:51,1
DA:54,1
DA:55,1
DA:56,1
DA:57,1
DA:58,1
DA:59,1
DA:60,1
DA:63,1
DA:64,1
DA:65,1
DA:66,1
DA:67,1
DA:70,1
DA:71,1
DA:72,1
DA:73,1
DA:74,1
DA:77,1
DA:78,1
DA:79,1
DA:80,1
DA:81,1
DA:84,1
DA:85,1
DA:86,1
DA:87,1
DA:88,1
DA:89,1
BRF:0
BRH:0
LF:51
LH:51
end_of_record
SF:/Users/a.gerasimchuk/Documents/git/vkteams-bot/crates/vkteams-bot/src/api/chats/get_blocked_users.rs
FN:25,_RNvNtNtNtNtCs6nKU4QwA5Sb_11vkteams_bot3api5chats17get_blocked_users5testss_46test_request_chats_get_blocked_users_serialize
FN:41,_RNvNtNtNtNtCs6nKU4QwA5Sb_11vkteams_bot3api5chats17get_blocked_users5testss_47test_response_chats_get_blocked_users_serialize
FN:34,_RNvNtNtNtNtCs6nKU4QwA5Sb_11vkteams_bot3api5chats17get_blocked_users5testss_48test_request_chats_get_blocked_users_deserialize
FN:52,_RNvNtNtNtNtCs6nKU4QwA5Sb_11vkteams_bot3api5chats17get_blocked_users5testss_49test_response_chats_get_blocked_users_deserialize
FN:60,_RNvNtNtNtNtCs6nKU4QwA5Sb_11vkteams_bot3api5chats17get_blocked_users5testss_49test_response_chats_get_blocked_users_empty_users
FN:67,_RNvNtNtNtNtCs6nKU4QwA5Sb_11vkteams_bot3api5chats17get_blocked_users5testss_51test_response_chats_get_blocked_users_missing_users
FN:74,_RNvNtNtNtNtCs6nKU4QwA5Sb_11vkteams_bot3api5chats17get_blocked_users5testss_57test_response_chats_get_blocked_users_user_missing_userid
FNDA:1,_RNvNtNtNtNtCs6nKU4QwA5Sb_11vkteams_bot3api5chats17get_blocked_users5testss_46test_request_chats_get_blocked_users_serialize
FNDA:1,_RNvNtNtNtNtCs6nKU4QwA5Sb_11vkteams_bot3api5chats17get_blocked_users5testss_47test_response_chats_get_blocked_users_serialize
FNDA:1,_RNvNtNtNtNtCs6nKU4QwA5Sb_11vkteams_bot3api5chats17get_blocked_users5testss_48test_request_chats_get_blocked_users_deserialize
FNDA:1,_RNvNtNtNtNtCs6nKU4QwA5Sb_11vkteams_bot3api5chats17get_blocked_users5testss_49test_response_chats_get_blocked_users_deserialize
FNDA:1,_RNvNtNtNtNtCs6nKU4QwA5Sb_11vkteams_bot3api5chats17get_blocked_users5testss_49test_response_chats_get_blocked_users_empty_users
FNDA:1,_RNvNtNtNtNtCs6nKU4QwA5Sb_11vkteams_bot3api5chats17get_blocked_users5testss_51test_response_chats_get_blocked_users_missing_users
FNDA:1,_RNvNtNtNtNtCs6nKU4QwA5Sb_11vkteams_bot3api5chats17get_blocked_users5testss_57test_response_chats_get_blocked_users_user_missing_userid
FNF:7
FNH:7
DA:25,1
DA:26,1
DA:27,1
DA:28,1
DA:29,1
DA:30,1
DA:31,1
DA:34,1
DA:35,1
DA:36,1
DA:37,1
DA:38,1
DA:41,1
DA:42,1
DA:43,1
DA:44,1
DA:45,1
DA:46,1
DA:47,1
DA:48,1
DA:49,1
DA:52,1
DA:53,1
DA:54,1
DA:55,1
DA:56,1
DA:57,1
DA:60,1
DA:61,1
DA:62,1
DA:63,1
DA:64,1
DA:67,1
DA:68,1
DA:69,1
DA:70,1
DA:71,1
DA:74,1
DA:75,1
DA:76,1
DA:77,1
DA:78,1
BRF:0
BRH:0
LF:42
LH:42
end_of_record
SF:/Users/a.gerasimchuk/Documents/git/vkteams-bot/crates/vkteams-bot/src/api/chats/get_info.rs
FN:160,_RNvNtNtNtNtCs6nKU4QwA5Sb_11vkteams_bot3api5chats8get_info5testss_18test_channel_empty
FN:153,_RNvNtNtNtNtCs6nKU4QwA5Sb_11vkteams_bot3api5chats8get_info5testss_23test_group_invalid_type
FN:140,_RNvNtNtNtNtCs6nKU4QwA5Sb_11vkteams_bot3api5chats8get_info5testss_27test_private_missing_fields
FN:172,_RNvNtNtNtNtCs6nKU4QwA5Sb_11vkteams_bot3api5chats8get_info5testss_36test_serialize_deserialize_roundtrip
FN:133,_RNvNtNtNtNtCs6nKU4QwA5Sb_11vkteams_bot3api5chats8get_info5testss_41test_enum_chats_get_info_deserialize_none
FN:97,_RNvNtNtNtNtCs6nKU4QwA5Sb_11vkteams_bot3api5chats8get_info5testss_42test_enum_chats_get_info_deserialize_group
FN:118,_RNvNtNtNtNtCs6nKU4QwA5Sb_11vkteams_bot3api5chats8get_info5testss_44test_enum_chats_get_info_deserialize_channel
FN:76,_RNvNtNtNtNtCs6nKU4QwA5Sb_11vkteams_bot3api5chats8get_info5testss_44test_enum_chats_get_info_deserialize_private
FNDA:1,_RNvNtNtNtNtCs6nKU4QwA5Sb_11vkteams_bot3api5chats8get_info5testss_18test_channel_empty
FNDA:1,_RNvNtNtNtNtCs6nKU4QwA5Sb_11vkteams_bot3api5chats8get_info5testss_23test_group_invalid_type
FNDA:1,_RNvNtNtNtNtCs6nKU4QwA5Sb_11vkteams_bot3api5chats8get_info5testss_27test_private_missing_fields
FNDA:1,_RNvNtNtNtNtCs6nKU4QwA5Sb_11vkteams_bot3api5chats8get_info5testss_36test_serialize_deserialize_roundtrip
FNDA:1,_RNvNtNtNtNtCs6nKU4QwA5Sb_11vkteams_bot3api5chats8get_info5testss_41test_enum_chats_get_info_deserialize_none
FNDA:1,_RNvNtNtNtNtCs6nKU4QwA5Sb_11vkteams_bot3api5chats8get_info5testss_42test_enum_chats_get_info_deserialize_group
FNDA:1,_RNvNtNtNtNtCs6nKU4QwA5Sb_11vkteams_bot3api5chats8get_info5testss_44test_enum_chats_get_info_deserialize_channel
FNDA:1,_RNvNtNtNtNtCs6nKU4QwA5Sb_11vkteams_bot3api5chats8get_info5testss_44test_enum_chats_get_info_deserialize_private
FNF:8
FNH:8
DA:76,1
DA:77,1
DA:78,1
DA:79,1
DA:80,1
DA:81,1
DA:82,1
DA:83,1
DA:84,1
DA:85,1
DA:86,1
DA:87,1
DA:88,1
DA:89,1
DA:90,1
DA:92,0
DA:94,1
DA:97,1
DA:98,1
DA:99,1
DA:100,1
DA:101,1
DA:102,1
DA:103,1
DA:104,1
DA:105,1
DA:106,1
DA:107,1
DA:108,1
DA:109,1
DA:110,1
DA:111,1
DA:113,0
DA:115,1
DA:118,1
DA:119,1
DA:120,1
DA:121,1
DA:122,1
DA:123,1
DA:124,1
DA:125,1
DA:126,1
DA:128,0
DA:130,1
DA:133,1
DA:134,1
DA:135,1
DA:136,1
DA:137,1
DA:140,1
DA:141,1
DA:142,1
DA:143,1
DA:144,1
DA:145,1
DA:146,1
DA:148,0
DA:150,1
DA:153,1
DA:154,1
DA:155,1
DA:156,1
DA:157,1
DA:160,1
DA:161,1
DA:162,1
DA:163,1
DA:164,1
DA:165,1
DA:167,0
DA:169,1
DA:172,1
DA:173,1
DA:174,1
DA:175,1
DA:176,1
DA:177,1
DA:178,1
DA:179,1
DA:180,1
DA:181,1
DA:182,1
DA:183,1
DA:184,1
DA:185,1
DA:186,1
DA:187,1
DA:189,0
DA:191,1
BRF:0
BRH:0
LF:90
LH:84
end_of_record
SF:/Users/a.gerasimchuk/Documents/git/vkteams-bot/crates/vkteams-bot/src/api/chats/get_members.rs
FN:49,_RNvNtNtNtNtCs6nKU4QwA5Sb_11vkteams_bot3api5chats11get_members5testss_40test_request_chats_get_members_no_cursor
FN:30,_RNvNtNtNtNtCs6nKU4QwA5Sb_11vkteams_bot3api5chats11get_members5testss_40test_request_chats_get_members_serialize
FN:97,_RNvNtNtNtNtCs6nKU4QwA5Sb_11vkteams_bot3api5chats11get_members5testss_41test_response_chats_get_members_no_cursor
FN:41,_RNvNtNtNtNtCs6nKU4QwA5Sb_11vkteams_bot3api5chats11get_members5testss_42test_request_chats_get_members_deserialize
FN:81,_RNvNtNtNtNtCs6nKU4QwA5Sb_11vkteams_bot3api5chats11get_members5testss_45test_response_chats_get_members_empty_members
FN:56,_RNvNtNtNtNtCs6nKU4QwA5Sb_11vkteams_bot3api5chats11get_members5testss_46test_request_chats_get_members_invalid_chat_id
FN:89,_RNvNtNtNtNtCs6nKU4QwA5Sb_11vkteams_bot3api5chats11get_members5testss_47test_response_chats_get_members_missing_members
FN:63,_RNvNtNtNtNtCs6nKU4QwA5Sb_11vkteams_bot3api5chats11get_members5testss_53test_response_chats_get_members_serialize_deserialize
FNDA:1,_RNvNtNtNtNtCs6nKU4QwA5Sb_11vkteams_bot3api5chats11get_members5testss_40test_request_chats_get_members_no_cursor
FNDA:1,_RNvNtNtNtNtCs6nKU4QwA5Sb_11vkteams_bot3api5chats11get_members5testss_40test_request_chats_get_members_serialize
FNDA:1,_RNvNtNtNtNtCs6nKU4QwA5Sb_11vkteams_bot3api5chats11get_members5testss_41test_response_chats_get_members_no_cursor
FNDA:1,_RNvNtNtNtNtCs6nKU4QwA5Sb_11vkteams_bot3api5chats11get_members5testss_42test_request_chats_get_members_deserialize
FNDA:1,_RNvNtNtNtNtCs6nKU4QwA5Sb_11vkteams_bot3api5chats11get_members5testss_45test_response_chats_get_members_empty_members
FNDA:1,_RNvNtNtNtNtCs6nKU4QwA5Sb_11vkteams_bot3api5chats11get_members5testss_46test_request_chats_get_members_invalid_chat_id
FNDA:1,_RNvNtNtNtNtCs6nKU4QwA5Sb_11vkteams_bot3api5chats11get_members5testss_47test_response_chats_get_members_missing_members
FNDA:1,_RNvNtNtNtNtCs6nKU4QwA5Sb_11vkteams_bot3api5chats11get_members5testss_53test_response_chats_get_members_serialize_deserialize
FNF:8
FNH:8
DA:30,1
DA:31,1
DA:32,1
DA:33,1
DA:34,1
DA:35,1
DA:36,1
DA:37,1
DA:38,1
DA:41,1
DA:42,1
DA:43,1
DA:44,1
DA:45,1
DA:46,1
DA:49,1
DA:50,1
DA:51,1
DA:52,1
DA:53,1
DA:56,1
DA:57,1
DA:58,1
DA:59,1
DA:60,1
DA:63,1
DA:64,1
DA:65,1
DA:66,1
DA:67,1
DA:68,1
DA:69,1
DA:70,1
DA:71,1
DA:72,1
DA:73,1
DA:74,1
DA:75,1
DA:76,1
DA:77,1
DA:78,1
DA:81,1
DA:82,1
DA:83,1
DA:84,1
DA:85,1
DA:86,1
DA:89,1
DA:90,1
DA:91,1
DA:92,1
DA:93,1
DA:94,1
DA:97,1
DA:98,1
DA:99,1
DA:100,1
DA:101,1
DA:102,1
BRF:0
BRH:0
LF:59
LH:59
end_of_record
SF:/Users/a.gerasimchuk/Documents/git/vkteams-bot/crates/vkteams-bot/src/api/chats/get_pending_users.rs
FN:60,_RNvNtNtNtNtCs6nKU4QwA5Sb_11vkteams_bot3api5chats17get_pending_users5testss_43test_response_chats_get_pending_users_empty
FN:25,_RNvNtNtNtNtCs6nKU4QwA5Sb_11vkteams_bot3api5chats17get_pending_users5testss_46test_request_chats_get_pending_users_serialize
FN:41,_RNvNtNtNtNtCs6nKU4QwA5Sb_11vkteams_bot3api5chats17get_pending_users5testss_47test_response_chats_get_pending_users_serialize
FN:34,_RNvNtNtNtNtCs6nKU4QwA5Sb_11vkteams_bot3api5chats17get_pending_users5testss_48test_request_chats_get_pending_users_deserialize
FN:52,_RNvNtNtNtNtCs6nKU4QwA5Sb_11vkteams_bot3api5chats17get_pending_users5testss_49test_response_chats_get_pending_users_deserialize
FN:74,_RNvNtNtNtNtCs6nKU4QwA5Sb_11vkteams_bot3api5chats17get_pending_users5testss_50test_response_chats_get_pending_users_invalid_user
FN:67,_RNvNtNtNtNtCs6nKU4QwA5Sb_11vkteams_bot3api5chats17get_pending_users5testss_51test_response_chats_get_pending_users_missing_users
FNDA:1,_RNvNtNtNtNtCs6nKU4QwA5Sb_11vkteams_bot3api5chats17get_pending_users5testss_43test_response_chats_get_pending_users_empty
FNDA:1,_RNvNtNtNtNtCs6nKU4QwA5Sb_11vkteams_bot3api5chats17get_pending_users5testss_46test_request_chats_get_pending_users_serialize
FNDA:1,_RNvNtNtNtNtCs6nKU4QwA5Sb_11vkteams_bot3api5chats17get_pending_users5testss_47test_response_chats_get_pending_users_serialize
FNDA:1,_RNvNtNtNtNtCs6nKU4QwA5Sb_11vkteams_bot3api5chats17get_pending_users5testss_48test_request_chats_get_pending_users_deserialize
FNDA:1,_RNvNtNtNtNtCs6nKU4QwA5Sb_11vkteams_bot3api5chats17get_pending_users5testss_49test_response_chats_get_pending_users_deserialize
FNDA:1,_RNvNtNtNtNtCs6nKU4QwA5Sb_11vkteams_bot3api5chats17get_pending_users5testss_50test_response_chats_get_pending_users_invalid_user
FNDA:1,_RNvNtNtNtNtCs6nKU4QwA5Sb_11vkteams_bot3api5chats17get_pending_users5testss_51test_response_chats_get_pending_users_missing_users
FNF:7
FNH:7
DA:25,1
DA:26,1
DA:27,1
DA:28,1
DA:29,1
DA:30,1
DA:31,1
DA:34,1
DA:35,1
DA:36,1
DA:37,1
DA:38,1
DA:41,1
DA:42,1
DA:43,1
DA:44,1
DA:45,1
DA:46,1
DA:47,1
DA:48,1
DA:49,1
DA:52,1
DA:53,1
DA:54,1
DA:55,1
DA:56,1
DA:57,1
DA:60,1
DA:61,1
DA:62,1
DA:63,1
DA:64,1
DA:67,1
DA:68,1
DA:69,1
DA:70,1
DA:71,1
DA:74,1
DA:75,1
DA:76,1
DA:77,1
DA:78,1
BRF:0
BRH:0
LF:42
LH:42
end_of_record
SF:/Users/a.gerasimchuk/Documents/git/vkteams-bot/crates/vkteams-bot/src/api/chats/members_delete.rs
FN:24,_RNvNtNtNtNtCs6nKU4QwA5Sb_11vkteams_bot3api5chats14members_delete5testss_43test_request_chats_members_delete_serialize
FN:73,_RNvNtNtNtNtCs6nKU4QwA5Sb_11vkteams_bot3api5chats14members_delete5testss_44test_response_chats_members_delete_serialize
FN:41,_RNvNtNtNtNtCs6nKU4QwA5Sb_11vkteams_bot3api5chats14members_delete5testss_45test_request_chats_members_delete_deserialize
FN:80,_RNvNtNtNtNtCs6nKU4QwA5Sb_11vkteams_bot3api5chats14members_delete5testss_46test_response_chats_members_delete_deserialize
FN:52,_RNvNtNtNtNtCs6nKU4QwA5Sb_11vkteams_bot3api5chats14members_delete5testss_47test_request_chats_members_delete_empty_members
FN:66,_RNvNtNtNtNtCs6nKU4QwA5Sb_11vkteams_bot3api5chats14members_delete5testss_48test_request_chats_members_delete_invalid_member
FN:59,_RNvNtNtNtNtCs6nKU4QwA5Sb_11vkteams_bot3api5chats14members_delete5testss_49test_request_chats_members_delete_missing_members
FNDA:1,_RNvNtNtNtNtCs6nKU4QwA5Sb_11vkteams_bot3api5chats14members_delete5testss_43test_request_chats_members_delete_serialize
FNDA:1,_RNvNtNtNtNtCs6nKU4QwA5Sb_11vkteams_bot3api5chats14members_delete5testss_44test_response_chats_members_delete_serialize
FNDA:1,_RNvNtNtNtNtCs6nKU4QwA5Sb_11vkteams_bot3api5chats14members_delete5testss_45test_request_chats_members_delete_deserialize
FNDA:1,_RNvNtNtNtNtCs6nKU4QwA5Sb_11vkteams_bot3api5chats14members_delete5testss_46test_response_chats_members_delete_deserialize
FNDA:1,_RNvNtNtNtNtCs6nKU4QwA5Sb_11vkteams_bot3api5chats14members_delete5testss_47test_request_chats_members_delete_empty_members
FNDA:1,_RNvNtNtNtNtCs6nKU4QwA5Sb_11vkteams_bot3api5chats14members_delete5testss_48test_request_chats_members_delete_invalid_member
FNDA:1,_RNvNtNtNtNtCs6nKU4QwA5Sb_11vkteams_bot3api5chats14members_delete5testss_49test_request_chats_members_delete_missing_members
FNF:7
FNH:7
DA:24,1
DA:25,1
DA:26,1
DA:27,1
DA:28,1
DA:29,1
DA:30,1
DA:31,1
DA:32,1
DA:33,1
DA:34,1
DA:35,1
DA:36,1
DA:37,1
DA:38,1
DA:41,1
DA:42,1
DA:43,1
DA:44,1
DA:45,1
DA:46,1
DA:47,1
DA:48,1
DA:49,1
DA:52,1
DA:53,1
DA:54,1
DA:55,1
DA:56,1
DA:59,1
DA:60,1
DA:61,1
DA:62,1
DA:63,1
DA:66,1
DA:67,1
DA:68,1
DA:69,1
DA:70,1
DA:73,1
DA:74,1
DA:75,1
DA:76,1
DA:77,1
DA:80,1
DA:81,1
DA:82,1
DA:83,1
DA:84,1
BRF:0
BRH:0
LF:49
LH:49
end_of_record
SF:/Users/a.gerasimchuk/Documents/git/vkteams-bot/crates/vkteams-bot/src/api/chats/pin_message.rs
FN:23,_RNvNtNtNtNtCs6nKU4QwA5Sb_11vkteams_bot3api5chats11pin_message5testss_40test_request_chats_pin_message_serialize
FN:63,_RNvNtNtNtNtCs6nKU4QwA5Sb_11vkteams_bot3api5chats11pin_message5testss_41test_request_chats_pin_message_wrong_type
FN:42,_RNvNtNtNtNtCs6nKU4QwA5Sb_11vkteams_bot3api5chats11pin_message5testss_41test_response_chats_pin_message_serialize
FN:34,_RNvNtNtNtNtCs6nKU4QwA5Sb_11vkteams_bot3api5chats11pin_message5testss_42test_request_chats_pin_message_deserialize
FN:49,_RNvNtNtNtNtCs6nKU4QwA5Sb_11vkteams_bot3api5chats11pin_message5testss_43test_response_chats_pin_message_deserialize
FN:56,_RNvNtNtNtNtCs6nKU4QwA5Sb_11vkteams_bot3api5chats11pin_message5testss_45test_request_chats_pin_message_missing_fields
FNDA:1,_RNvNtNtNtNtCs6nKU4QwA5Sb_11vkteams_bot3api5chats11pin_message5testss_40test_request_chats_pin_message_serialize
FNDA:1,_RNvNtNtNtNtCs6nKU4QwA5Sb_11vkteams_bot3api5chats11pin_message5testss_41test_request_chats_pin_message_wrong_type
FNDA:1,_RNvNtNtNtNtCs6nKU4QwA5Sb_11vkteams_bot3api5chats11pin_message5testss_41test_response_chats_pin_message_serialize
FNDA:1,_RNvNtNtNtNtCs6nKU4QwA5Sb_11vkteams_bot3api5chats11pin_message5testss_42test_request_chats_pin_message_deserialize
FNDA:1,_RNvNtNtNtNtCs6nKU4QwA5Sb_11vkteams_bot3api5chats11pin_message5testss_43test_response_chats_pin_message_deserialize
FNDA:1,_RNvNtNtNtNtCs6nKU4QwA5Sb_11vkteams_bot3api5chats11pin_message5testss_45test_request_chats_pin_message_missing_fields
FNF:6
FNH:6
DA:23,1
DA:24,1
DA:25,1
DA:26,1
DA:27,1
DA:28,1
DA:29,1
DA:30,1
DA:31,1
DA:34,1
DA:35,1
DA:36,1
DA:37,1
DA:38,1
DA:39,1
DA:42,1
DA:43,1
DA:44,1
DA:45,1
DA:46,1
DA:49,1
DA:50,1
DA:51,1
DA:52,1
DA:53,1
DA:56,1
DA:57,1
DA:58,1
DA:59,1
DA:60,1
DA:63,1
DA:64,1
DA:65,1
DA:66,1
DA:67,1
BRF:0
BRH:0
LF:35
LH:35
end_of_record
SF:/Users/a.gerasimchuk/Documents/git/vkteams-bot/crates/vkteams-bot/src/api/chats/resolve_pendings.rs
FN:26,_RNvNtNtNtNtCs6nKU4QwA5Sb_11vkteams_bot3api5chats16resolve_pendings5testss_44test_request_chats_resolve_pending_serialize
FN:75,_RNvNtNtNtNtCs6nKU4QwA5Sb_11vkteams_bot3api5chats16resolve_pendings5testss_45test_response_chats_resolve_pending_serialize
FN:41,_RNvNtNtNtNtCs6nKU4QwA5Sb_11vkteams_bot3api5chats16resolve_pendings5testss_46test_request_chats_resolve_pending_deserialize
FN:82,_RNvNtNtNtNtCs6nKU4QwA5Sb_11vkteams_bot3api5chats16resolve_pendings5testss_47test_response_chats_resolve_pending_deserialize
FN:68,_RNvNtNtNtNtCs6nKU4QwA5Sb_11vkteams_bot3api5chats16resolve_pendings5testss_48test_request_chats_resolve_pending_invalid_types
FN:51,_RNvNtNtNtNtCs6nKU4QwA5Sb_11vkteams_bot3api5chats16resolve_pendings5testss_51test_request_chats_resolve_pending_missing_optional
FN:61,_RNvNtNtNtNtCs6nKU4QwA5Sb_11vkteams_bot3api5chats16resolve_pendings5testss_51test_request_chats_resolve_pending_missing_required
FNDA:1,_RNvNtNtNtNtCs6nKU4QwA5Sb_11vkteams_bot3api5chats16resolve_pendings5testss_44test_request_chats_resolve_pending_serialize
FNDA:1,_RNvNtNtNtNtCs6nKU4QwA5Sb_11vkteams_bot3api5chats16resolve_pendings5testss_45test_response_chats_resolve_pending_serialize
FNDA:1,_RNvNtNtNtNtCs6nKU4QwA5Sb_11vkteams_bot3api5chats16resolve_pendings5testss_46test_request_chats_resolve_pending_deserialize
FNDA:1,_RNvNtNtNtNtCs6nKU4QwA5Sb_11vkteams_bot3api5chats16resolve_pendings5testss_47test_response_chats_resolve_pending_deserialize
FNDA:1,_RNvNtNtNtNtCs6nKU4QwA5Sb_11vkteams_bot3api5chats16resolve_pendings5testss_48test_request_chats_resolve_pending_invalid_types
FNDA:1,_RNvNtNtNtNtCs6nKU4QwA5Sb_11vkteams_bot3api5chats16resolve_pendings5testss_51test_request_chats_resolve_pending_missing_optional
FNDA:1,_RNvNtNtNtNtCs6nKU4QwA5Sb_11vkteams_bot3api5chats16resolve_pendings5testss_51test_request_chats_resolve_pending_missing_required
FNF:7
FNH:7
DA:26,1
DA:27,1
DA:28,1
DA:29,1
DA:30,1
DA:31,1
DA:32,1
DA:33,1
DA:34,1
DA:35,1
DA:36,1
DA:37,1
DA:38,1
DA:41,1
DA:42,1
DA:43,1
DA:44,1
DA:45,1
DA:46,1
DA:47,1
DA:48,1
DA:51,1
DA:52,1
DA:53,1
DA:54,1
DA:55,1
DA:56,1
DA:57,1
DA:58,1
DA:61,1
DA:62,1
DA:63,1
DA:64,1
DA:65,1
DA:68,1
DA:69,1
DA:70,1
DA:71,1
DA:72,1
DA:75,1
DA:76,1
DA:77,1
DA:78,1
DA:79,1
DA:82,1
DA:83,1
DA:84,1
DA:85,1
DA:86,1
BRF:0
BRH:0
LF:49
LH:49
end_of_record
SF:/Users/a.gerasimchuk/Documents/git/vkteams-bot/crates/vkteams-bot/src/api/chats/send_action.rs
FN:23,_RNvNtNtNtNtCs6nKU4QwA5Sb_11vkteams_bot3api5chats11send_action5testss_40test_request_chats_send_action_serialize
FN:56,_RNvNtNtNtNtCs6nKU4QwA5Sb_11vkteams_bot3api5chats11send_action5testss_41test_response_chats_send_action_serialize
FN:34,_RNvNtNtNtNtCs6nKU4QwA5Sb_11vkteams_bot3api5chats11send_action5testss_42test_request_chats_send_action_deserialize
FN:63,_RNvNtNtNtNtCs6nKU4QwA5Sb_11vkteams_bot3api5chats11send_action5testss_43test_response_chats_send_action_deserialize
FN:49,_RNvNtNtNtNtCs6nKU4QwA5Sb_11vkteams_bot3api5chats11send_action5testss_44test_request_chats_send_action_invalid_types
FN:42,_RNvNtNtNtNtCs6nKU4QwA5Sb_11vkteams_bot3api5chats11send_action5testss_47test_request_chats_send_action_missing_required
FNDA:1,_RNvNtNtNtNtCs6nKU4QwA5Sb_11vkteams_bot3api5chats11send_action5testss_40test_request_chats_send_action_serialize
FNDA:1,_RNvNtNtNtNtCs6nKU4QwA5Sb_11vkteams_bot3api5chats11send_action5testss_41test_response_chats_send_action_serialize
FNDA:1,_RNvNtNtNtNtCs6nKU4QwA5Sb_11vkteams_bot3api5chats11send_action5testss_42test_request_chats_send_action_deserialize
FNDA:1,_RNvNtNtNtNtCs6nKU4QwA5Sb_11vkteams_bot3api5chats11send_action5testss_43test_response_chats_send_action_deserialize
FNDA:1,_RNvNtNtNtNtCs6nKU4QwA5Sb_11vkteams_bot3api5chats11send_action5testss_44test_request_chats_send_action_invalid_types
FNDA:1,_RNvNtNtNtNtCs6nKU4QwA5Sb_11vkteams_bot3api5chats11send_action5testss_47test_request_chats_send_action_missing_required
FNF:6
FNH:6
DA:23,1
DA:24,1
DA:25,1
DA:26,1
DA:27,1
DA:28,1
DA:29,1
DA:30,1
DA:31,1
DA:34,1
DA:35,1
DA:36,1
DA:37,1
DA:38,1
DA:39,1
DA:42,1
DA:43,1
DA:44,1
DA:45,1
DA:46,1
DA:49,1
DA:50,1
DA:51,1
DA:52,1
DA:53,1
DA:56,1
DA:57,1
DA:58,1
DA:59,1
DA:60,1
DA:63,1
DA:64,1
DA:65,1
DA:66,1
DA:67,1
BRF:0
BRH:0
LF:35
LH:35
end_of_record
SF:/Users/a.gerasimchuk/Documents/git/vkteams-bot/crates/vkteams-bot/src/api/chats/set_about.rs
FN:23,_RNvNtNtNtNtCs6nKU4QwA5Sb_11vkteams_bot3api5chats9set_about5testss_38test_request_chats_set_about_serialize
FN:34,_RNvNtNtNtNtCs6nKU4QwA5Sb_11vkteams_bot3api5chats9set_about5testss_40test_request_chats_set_about_deserialize
FN:42,_RNvNtNtNtNtCs6nKU4QwA5Sb_11vkteams_bot3api5chats9set_about5testss_40test_request_chats_set_about_empty_about
FN:49,_RNvNtNtNtNtCs6nKU4QwA5Sb_11vkteams_bot3api5chats9set_about5testss_42test_request_chats_set_about_missing_about
FN:56,_RNvNtNtNtNtCs6nKU4QwA5Sb_11vkteams_bot3api5chats9set_about5testss_44test_request_chats_set_about_invalid_chat_id
FN:63,_RNvNtNtNtNtCs6nKU4QwA5Sb_11vkteams_bot3api5chats9set_about5testss_51test_response_chats_set_about_serialize_deserialize
FNDA:1,_RNvNtNtNtNtCs6nKU4QwA5Sb_11vkteams_bot3api5chats9set_about5testss_38test_request_chats_set_about_serialize
FNDA:1,_RNvNtNtNtNtCs6nKU4QwA5Sb_11vkteams_bot3api5chats9set_about5testss_40test_request_chats_set_about_deserialize
FNDA:1,_RNvNtNtNtNtCs6nKU4QwA5Sb_11vkteams_bot3api5chats9set_about5testss_40test_request_chats_set_about_empty_about
FNDA:1,_RNvNtNtNtNtCs6nKU4QwA5Sb_11vkteams_bot3api5chats9set_about5testss_42test_request_chats_set_about_missing_about
FNDA:1,_RNvNtNtNtNtCs6nKU4QwA5Sb_11vkteams_bot3api5chats9set_about5testss_44test_request_chats_set_about_invalid_chat_id
FNDA:1,_RNvNtNtNtNtCs6nKU4QwA5Sb_11vkteams_bot3api5chats9set_about5testss_51test_response_chats_set_about_serialize_deserialize
FNF:6
FNH:6
DA:23,1
DA:24,1
DA:25,1
DA:26,1
DA:27,1
DA:28,1
DA:29,1
DA:30,1
DA:31,1
DA:34,1
DA:35,1
DA:36,1
DA:37,1
DA:38,1
DA:39,1
DA:42,1
DA:43,1
DA:44,1
DA:45,1
DA:46,1
DA:49,1
DA:50,1
DA:51,1
DA:52,1
DA:53,1
DA:56,1
DA:57,1
DA:58,1
DA:59,1
DA:60,1
DA:63,1
DA:64,1
DA:65,1
DA:66,1
DA:67,1
DA:68,1
BRF:0
BRH:0
LF:36
LH:36
end_of_record
SF:/Users/a.gerasimchuk/Documents/git/vkteams-bot/crates/vkteams-bot/src/api/chats/set_rules.rs
FN:23,_RNvNtNtNtNtCs6nKU4QwA5Sb_11vkteams_bot3api5chats9set_rules5testss_38test_request_chats_set_rules_serialize
FN:34,_RNvNtNtNtNtCs6nKU4QwA5Sb_11vkteams_bot3api5chats9set_rules5testss_40test_request_chats_set_rules_deserialize
FN:42,_RNvNtNtNtNtCs6nKU4QwA5Sb_11vkteams_bot3api5chats9set_rules5testss_40test_request_chats_set_rules_empty_rules
FN:49,_RNvNtNtNtNtCs6nKU4QwA5Sb_11vkteams_bot3api5chats9set_rules5testss_42test_request_chats_set_rules_missing_rules
FN:56,_RNvNtNtNtNtCs6nKU4QwA5Sb_11vkteams_bot3api5chats9set_rules5testss_44test_request_chats_set_rules_invalid_chat_id
FN:63,_RNvNtNtNtNtCs6nKU4QwA5Sb_11vkteams_bot3api5chats9set_rules5testss_51test_response_chats_set_rules_serialize_deserialize
FNDA:1,_RNvNtNtNtNtCs6nKU4QwA5Sb_11vkteams_bot3api5chats9set_rules5testss_38test_request_chats_set_rules_serialize
FNDA:1,_RNvNtNtNtNtCs6nKU4QwA5Sb_11vkteams_bot3api5chats9set_rules5testss_40test_request_chats_set_rules_deserialize
FNDA:1,_RNvNtNtNtNtCs6nKU4QwA5Sb_11vkteams_bot3api5chats9set_rules5testss_40test_request_chats_set_rules_empty_rules
FNDA:1,_RNvNtNtNtNtCs6nKU4QwA5Sb_11vkteams_bot3api5chats9set_rules5testss_42test_request_chats_set_rules_missing_rules
FNDA:1,_RNvNtNtNtNtCs6nKU4QwA5Sb_11vkteams_bot3api5chats9set_rules5testss_44test_request_chats_set_rules_invalid_chat_id
FNDA:1,_RNvNtNtNtNtCs6nKU4QwA5Sb_11vkteams_bot3api5chats9set_rules5testss_51test_response_chats_set_rules_serialize_deserialize
FNF:6
FNH:6
DA:23,1
DA:24,1
DA:25,1
DA:26,1
DA:27,1
DA:28,1
DA:29,1
DA:30,1
DA:31,1
DA:34,1
DA:35,1
DA:36,1
DA:37,1
DA:38,1
DA:39,1
DA:42,1
DA:43,1
DA:44,1
DA:45,1
DA:46,1
DA:49,1
DA:50,1
DA:51,1
DA:52,1
DA:53,1
DA:56,1
DA:57,1
DA:58,1
DA:59,1
DA:60,1
DA:63,1
DA:64,1
DA:65,1
DA:66,1
DA:67,1
DA:68,1
BRF:0
BRH:0
LF:36
LH:36
end_of_record
SF:/Users/a.gerasimchuk/Documents/git/vkteams-bot/crates/vkteams-bot/src/api/chats/set_title.rs
FN:23,_RNvNtNtNtNtCs6nKU4QwA5Sb_11vkteams_bot3api5chats9set_title5testss_38test_request_chats_set_title_serialize
FN:34,_RNvNtNtNtNtCs6nKU4QwA5Sb_11vkteams_bot3api5chats9set_title5testss_40test_request_chats_set_title_deserialize
FN:42,_RNvNtNtNtNtCs6nKU4QwA5Sb_11vkteams_bot3api5chats9set_title5testss_40test_request_chats_set_title_empty_title
FN:49,_RNvNtNtNtNtCs6nKU4QwA5Sb_11vkteams_bot3api5chats9set_title5testss_42test_request_chats_set_title_missing_title
FN:56,_RNvNtNtNtNtCs6nKU4QwA5Sb_11vkteams_bot3api5chats9set_title5testss_44test_request_chats_set_title_invalid_chat_id
FN:63,_RNvNtNtNtNtCs6nKU4QwA5Sb_11vkteams_bot3api5chats9set_title5testss_51test_response_chats_set_title_serialize_deserialize
FNDA:1,_RNvNtNtNtNtCs6nKU4QwA5Sb_11vkteams_bot3api5chats9set_title5testss_38test_request_chats_set_title_serialize
FNDA:1,_RNvNtNtNtNtCs6nKU4QwA5Sb_11vkteams_bot3api5chats9set_title5testss_40test_request_chats_set_title_deserialize
FNDA:1,_RNvNtNtNtNtCs6nKU4QwA5Sb_11vkteams_bot3api5chats9set_title5testss_40test_request_chats_set_title_empty_title
FNDA:1,_RNvNtNtNtNtCs6nKU4QwA5Sb_11vkteams_bot3api5chats9set_title5testss_42test_request_chats_set_title_missing_title
FNDA:1,_RNvNtNtNtNtCs6nKU4QwA5Sb_11vkteams_bot3api5chats9set_title5testss_44test_request_chats_set_title_invalid_chat_id
FNDA:1,_RNvNtNtNtNtCs6nKU4QwA5Sb_11vkteams_bot3api5chats9set_title5testss_51test_response_chats_set_title_serialize_deserialize
FNF:6
FNH:6
DA:23,1
DA:24,1
DA:25,1
DA:26,1
DA:27,1
DA:28,1
DA:29,1
DA:30,1
DA:31,1
DA:34,1
DA:35,1
DA:36,1
DA:37,1
DA:38,1
DA:39,1
DA:42,1
DA:43,1
DA:44,1
DA:45,1
DA:46,1
DA:49,1
DA:50,1
DA:51,1
DA:52,1
DA:53,1
DA:56,1
DA:57,1
DA:58,1
DA:59,1
DA:60,1
DA:63,1
DA:64,1
DA:65,1
DA:66,1
DA:67,1
DA:68,1
BRF:0
BRH:0
LF:36
LH:36
end_of_record
SF:/Users/a.gerasimchuk/Documents/git/vkteams-bot/crates/vkteams-bot/src/api/chats/unblock_user.rs
FN:23,_RNvNtNtNtNtCs6nKU4QwA5Sb_11vkteams_bot3api5chats12unblock_user5testss_41test_request_chats_unblock_user_serialize
FN:56,_RNvNtNtNtNtCs6nKU4QwA5Sb_11vkteams_bot3api5chats12unblock_user5testss_42test_response_chats_unblock_user_serialize
FN:34,_RNvNtNtNtNtCs6nKU4QwA5Sb_11vkteams_bot3api5chats12unblock_user5testss_43test_request_chats_unblock_user_deserialize
FN:63,_RNvNtNtNtNtCs6nKU4QwA5Sb_11vkteams_bot3api5chats12unblock_user5testss_44test_response_chats_unblock_user_deserialize
FN:49,_RNvNtNtNtNtCs6nKU4QwA5Sb_11vkteams_bot3api5chats12unblock_user5testss_45test_request_chats_unblock_user_invalid_types
FN:42,_RNvNtNtNtNtCs6nKU4QwA5Sb_11vkteams_bot3api5chats12unblock_user5testss_48test_request_chats_unblock_user_missing_required
FNDA:1,_RNvNtNtNtNtCs6nKU4QwA5Sb_11vkteams_bot3api5chats12unblock_user5testss_41test_request_chats_unblock_user_serialize
FNDA:1,_RNvNtNtNtNtCs6nKU4QwA5Sb_11vkteams_bot3api5chats12unblock_user5testss_42test_response_chats_unblock_user_serialize
FNDA:1,_RNvNtNtNtNtCs6nKU4QwA5Sb_11vkteams_bot3api5chats12unblock_user5testss_43test_request_chats_unblock_user_deserialize
FNDA:1,_RNvNtNtNtNtCs6nKU4QwA5Sb_11vkteams_bot3api5chats12unblock_user5testss_44test_response_chats_unblock_user_deserialize
FNDA:1,_RNvNtNtNtNtCs6nKU4QwA5Sb_11vkteams_bot3api5chats12unblock_user5testss_45test_request_chats_unblock_user_invalid_types
FNDA:1,_RNvNtNtNtNtCs6nKU4QwA5Sb_11vkteams_bot3api5chats12unblock_user5testss_48test_request_chats_unblock_user_missing_required
FNF:6
FNH:6
DA:23,1
DA:24,1
DA:25,1
DA:26,1
DA:27,1
DA:28,1
DA:29,1
DA:30,1
DA:31,1
DA:34,1
DA:35,1
DA:36,1
DA:37,1
DA:38,1
DA:39,1
DA:42,1
DA:43,1
DA:44,1
DA:45,1
DA:46,1
DA:49,1
DA:50,1
DA:51,1
DA:52,1
DA:53,1
DA:56,1
DA:57,1
DA:58,1
DA:59,1
DA:60,1
DA:63,1
DA:64,1
DA:65,1
DA:66,1
DA:67,1
BRF:0
BRH:0
LF:35
LH:35
end_of_record
SF:/Users/a.gerasimchuk/Documents/git/vkteams-bot/crates/vkteams-bot/src/api/chats/unpin_message.rs
FN:23,_RNvNtNtNtNtCs6nKU4QwA5Sb_11vkteams_bot3api5chats13unpin_message5testss_42test_request_chats_unpin_message_serialize
FN:63,_RNvNtNtNtNtCs6nKU4QwA5Sb_11vkteams_bot3api5chats13unpin_message5testss_43test_request_chats_unpin_message_wrong_type
FN:42,_RNvNtNtNtNtCs6nKU4QwA5Sb_11vkteams_bot3api5chats13unpin_message5testss_43test_response_chats_unpin_message_serialize
FN:34,_RNvNtNtNtNtCs6nKU4QwA5Sb_11vkteams_bot3api5chats13unpin_message5testss_44test_request_chats_unpin_message_deserialize
FN:49,_RNvNtNtNtNtCs6nKU4QwA5Sb_11vkteams_bot3api5chats13unpin_message5testss_45test_response_chats_unpin_message_deserialize
FN:56,_RNvNtNtNtNtCs6nKU4QwA5Sb_11vkteams_bot3api5chats13unpin_message5testss_47test_request_chats_unpin_message_missing_fields
FNDA:1,_RNvNtNtNtNtCs6nKU4QwA5Sb_11vkteams_bot3api5chats13unpin_message5testss_42test_request_chats_unpin_message_serialize
FNDA:1,_RNvNtNtNtNtCs6nKU4QwA5Sb_11vkteams_bot3api5chats13unpin_message5testss_43test_request_chats_unpin_message_wrong_type
FNDA:1,_RNvNtNtNtNtCs6nKU4QwA5Sb_11vkteams_bot3api5chats13unpin_message5testss_43test_response_chats_unpin_message_serialize
FNDA:1,_RNvNtNtNtNtCs6nKU4QwA5Sb_11vkteams_bot3api5chats13unpin_message5testss_44test_request_chats_unpin_message_deserialize
FNDA:1,_RNvNtNtNtNtCs6nKU4QwA5Sb_11vkteams_bot3api5chats13unpin_message5testss_45test_response_chats_unpin_message_deserialize
FNDA:1,_RNvNtNtNtNtCs6nKU4QwA5Sb_11vkteams_bot3api5chats13unpin_message5testss_47test_request_chats_unpin_message_missing_fields
FNF:6
FNH:6
DA:23,1
DA:24,1
DA:25,1
DA:26,1
DA:27,1
DA:28,1
DA:29,1
DA:30,1
DA:31,1
DA:34,1
DA:35,1
DA:36,1
DA:37,1
DA:38,1
DA:39,1
DA:42,1
DA:43,1
DA:44,1
DA:45,1
DA:46,1
DA:49,1
DA:50,1
DA:51,1
DA:52,1
DA:53,1
DA:56,1
DA:57,1
DA:58,1
DA:59,1
DA:60,1
DA:63,1
DA:64,1
DA:65,1
DA:66,1
DA:67,1
BRF:0
BRH:0
LF:35
LH:35
end_of_record
SF:/Users/a.gerasimchuk/Documents/git/vkteams-bot/crates/vkteams-bot/src/api/events/get.rs
FN:26,_RNCNvNtNtNtCs6nKU4QwA5Sb_11vkteams_bot3api6events3gets_37test_chats_events_get_deserialization0B9_
FN:32,_RNCNvNtNtNtCs6nKU4QwA5Sb_11vkteams_bot3api6events3gets_37test_chats_events_get_deserializations_0B9_
FN:23,_RNvNtNtNtCs6nKU4QwA5Sb_11vkteams_bot3api6events3gets_37test_chats_events_get_deserialization
FN:44,_RNvNtNtNtNtCs6nKU4QwA5Sb_11vkteams_bot3api6events3get5testss_33test_request_events_get_serialize
FN:77,_RNvNtNtNtNtCs6nKU4QwA5Sb_11vkteams_bot3api6events3get5testss_34test_response_events_get_serialize
FN:55,_RNvNtNtNtNtCs6nKU4QwA5Sb_11vkteams_bot3api6events3get5testss_35test_request_events_get_deserialize
FN:84,_RNvNtNtNtNtCs6nKU4QwA5Sb_11vkteams_bot3api6events3get5testss_36test_response_events_get_deserialize
FN:70,_RNvNtNtNtNtCs6nKU4QwA5Sb_11vkteams_bot3api6events3get5testss_37test_request_events_get_invalid_types
FN:98,_RNvNtNtNtNtCs6nKU4QwA5Sb_11vkteams_bot3api6events3get5testss_38test_response_events_get_invalid_event
FN:91,_RNvNtNtNtNtCs6nKU4QwA5Sb_11vkteams_bot3api6events3get5testss_39test_response_events_get_missing_events
FN:63,_RNvNtNtNtNtCs6nKU4QwA5Sb_11vkteams_bot3api6events3get5testss_40test_request_events_get_missing_required
FNDA:0,_RNCNvNtNtNtCs6nKU4QwA5Sb_11vkteams_bot3api6events3gets_37test_chats_events_get_deserialization0B9_
FNDA:0,_RNCNvNtNtNtCs6nKU4QwA5Sb_11vkteams_bot3api6events3gets_37test_chats_events_get_deserializations_0B9_
FNDA:1,_RNvNtNtNtCs6nKU4QwA5Sb_11vkteams_bot3api6events3gets_37test_chats_events_get_deserialization
FNDA:1,_RNvNtNtNtNtCs6nKU4QwA5Sb_11vkteams_bot3api6events3get5testss_33test_request_events_get_serialize
FNDA:1,_RNvNtNtNtNtCs6nKU4QwA5Sb_11vkteams_bot3api6events3get5testss_34test_response_events_get_serialize
FNDA:1,_RNvNtNtNtNtCs6nKU4QwA5Sb_11vkteams_bot3api6events3get5testss_35test_request_events_get_deserialize
FNDA:1,_RNvNtNtNtNtCs6nKU4QwA5Sb_11vkteams_bot3api6events3get5testss_36test_response_events_get_deserialize
FNDA:1,_RNvNtNtNtNtCs6nKU4QwA5Sb_11vkteams_bot3api6events3get5testss_37test_request_events_get_invalid_types
FNDA:1,_RNvNtNtNtNtCs6nKU4QwA5Sb_11vkteams_bot3api6events3get5testss_38test_response_events_get_invalid_event
FNDA:1,_RNvNtNtNtNtCs6nKU4QwA5Sb_11vkteams_bot3api6events3get5testss_39test_response_events_get_missing_events
FNDA:1,_RNvNtNtNtNtCs6nKU4QwA5Sb_11vkteams_bot3api6events3get5testss_40test_request_events_get_missing_required
FNF:11
FNH:9
DA:23,1
DA:24,1
DA:25,1
DA:26,1
DA:27,0
DA:28,0
DA:29,1
DA:30,1
DA:31,1
DA:32,1
DA:33,0
DA:34,0
DA:35,1
DA:36,1
DA:44,1
DA:45,1
DA:46,1
DA:47,1
DA:48,1
DA:49,1
DA:50,1
DA:51,1
DA:52,1
DA:55,1
DA:56,1
DA:57,1
DA:58,1
DA:59,1
DA:60,1
DA:63,1
DA:64,1
DA:65,1
DA:66,1
DA:67,1
DA:70,1
DA:71,1
DA:72,1
DA:73,1
DA:74,1
DA:77,1
DA:78,1
DA:79,1
DA:80,1
DA:81,1
DA:84,1
DA:85,1
DA:86,1
DA:87,1
DA:88,1
DA:91,1
DA:92,1
DA:93,1
DA:94,1
DA:95,1
DA:98,1
DA:99,1
DA:100,1
DA:101,1
DA:102,1
BRF:0
BRH:0
LF:63
LH:55
end_of_record
SF:/Users/a.gerasimchuk/Documents/git/vkteams-bot/crates/vkteams-bot/src/api/files/get_info.rs
FN:32,_RNCNvMNtNtNtCsbLHegzyFDEG_11vkteams_bot3api5files8get_infoNtB4_20ResponseFilesGetInfo8download0Ba_
FN:32,_RNvMNtNtNtCsbLHegzyFDEG_11vkteams_bot3api5files8get_infoNtB2_20ResponseFilesGetInfo8download
FN:32,_RNCNvMNtNtNtCs6nKU4QwA5Sb_11vkteams_bot3api5files8get_infoNtB4_20ResponseFilesGetInfo8download0Ba_
FN:32,_RNvMNtNtNtCs6nKU4QwA5Sb_11vkteams_bot3api5files8get_infoNtB2_20ResponseFilesGetInfo8download
FN:47,_RNCNvNtNtNtNtCs6nKU4QwA5Sb_11vkteams_bot3api5files8get_info5testss_23test_download_empty_url0Bb_
FN:60,_RNCNvNtNtNtNtCs6nKU4QwA5Sb_11vkteams_bot3api5files8get_info5testss_25test_download_invalid_url0Bb_
FN:73,_RNCNvNtNtNtNtCs6nKU4QwA5Sb_11vkteams_bot3api5files8get_info5testss_27test_download_network_error0Bb_
FN:47,_RNvNtNtNtNtCs6nKU4QwA5Sb_11vkteams_bot3api5files8get_info5testss_23test_download_empty_url
FN:60,_RNvNtNtNtNtCs6nKU4QwA5Sb_11vkteams_bot3api5files8get_info5testss_25test_download_invalid_url
FN:73,_RNvNtNtNtNtCs6nKU4QwA5Sb_11vkteams_bot3api5files8get_info5testss_27test_download_network_error
FNDA:0,_RNCNvMNtNtNtCsbLHegzyFDEG_11vkteams_bot3api5files8get_infoNtB4_20ResponseFilesGetInfo8download0Ba_
FNDA:0,_RNvMNtNtNtCsbLHegzyFDEG_11vkteams_bot3api5files8get_infoNtB2_20ResponseFilesGetInfo8download
FNDA:3,_RNCNvMNtNtNtCs6nKU4QwA5Sb_11vkteams_bot3api5files8get_infoNtB4_20ResponseFilesGetInfo8download0Ba_
FNDA:3,_RNvMNtNtNtCs6nKU4QwA5Sb_11vkteams_bot3api5files8get_infoNtB2_20ResponseFilesGetInfo8download
FNDA:1,_RNCNvNtNtNtNtCs6nKU4QwA5Sb_11vkteams_bot3api5files8get_info5testss_23test_download_empty_url0Bb_
FNDA:1,_RNCNvNtNtNtNtCs6nKU4QwA5Sb_11vkteams_bot3api5files8get_info5testss_25test_download_invalid_url0Bb_
FNDA:1,_RNCNvNtNtNtNtCs6nKU4QwA5Sb_11vkteams_bot3api5files8get_info5testss_27test_download_network_error0Bb_
FNDA:1,_RNvNtNtNtNtCs6nKU4QwA5Sb_11vkteams_bot3api5files8get_info5testss_23test_download_empty_url
FNDA:1,_RNvNtNtNtNtCs6nKU4QwA5Sb_11vkteams_bot3api5files8get_info5testss_25test_download_invalid_url
FNDA:1,_RNvNtNtNtNtCs6nKU4QwA5Sb_11vkteams_bot3api5files8get_info5testss_27test_download_network_error
FNF:8
FNH:8
DA:32,3
DA:33,3
DA:34,1
DA:35,2
DA:36,2
DA:37,3
DA:47,1
DA:48,1
DA:49,1
DA:50,1
DA:51,1
DA:52,1
DA:53,1
DA:54,1
DA:55,1
DA:56,1
DA:57,1
DA:60,1
DA:61,1
DA:62,1
DA:63,1
DA:64,1
DA:65,1
DA:66,1
DA:67,1
DA:68,1
DA:69,1
DA:70,1
DA:73,1
DA:74,1
DA:75,1
DA:76,1
DA:77,1
DA:78,1
DA:79,1
DA:80,1
DA:81,1
DA:82,1
DA:83,1
BRF:0
BRH:0
LF:70
LH:70
end_of_record
SF:/Users/a.gerasimchuk/Documents/git/vkteams-bot/crates/vkteams-bot/src/api/messages/edit_text.rs
FN:42,_RNvNtNtNtNtCs6nKU4QwA5Sb_11vkteams_bot3api8messages9edit_text5testss_19test_set_text_valid
FN:67,_RNvNtNtNtNtCs6nKU4QwA5Sb_11vkteams_bot3api8messages9edit_text5testss_23test_set_keyboard_valid
FN:55,_RNvNtNtNtNtCs6nKU4QwA5Sb_11vkteams_bot3api8messages9edit_text5testss_26test_set_text_parser_error
FN:32,_RNvXNtNtNtCs6nKU4QwA5Sb_11vkteams_bot3api8messages9edit_textNtB2_23RequestMessagesEditTextNtNtB6_5utils18MessageTextSetters12set_keyboard
FN:25,_RNvXNtNtNtCs6nKU4QwA5Sb_11vkteams_bot3api8messages9edit_textNtB2_23RequestMessagesEditTextNtNtB6_5utils18MessageTextSetters8set_text
FNDA:1,_RNvNtNtNtNtCs6nKU4QwA5Sb_11vkteams_bot3api8messages9edit_text5testss_19test_set_text_valid
FNDA:1,_RNvNtNtNtNtCs6nKU4QwA5Sb_11vkteams_bot3api8messages9edit_text5testss_23test_set_keyboard_valid
FNDA:1,_RNvNtNtNtNtCs6nKU4QwA5Sb_11vkteams_bot3api8messages9edit_text5testss_26test_set_text_parser_error
FNDA:1,_RNvXNtNtNtCs6nKU4QwA5Sb_11vkteams_bot3api8messages9edit_textNtB2_23RequestMessagesEditTextNtNtB6_5utils18MessageTextSetters12set_keyboard
FNDA:2,_RNvXNtNtNtCs6nKU4QwA5Sb_11vkteams_bot3api8messages9edit_textNtB2_23RequestMessagesEditTextNtNtB6_5utils18MessageTextSetters8set_text
FNF:5
FNH:5
DA:25,2
DA:26,2
DA:27,1
DA:28,2
DA:32,1
DA:33,1
DA:34,1
DA:42,1
DA:43,1
DA:44,1
DA:45,1
DA:46,1
DA:47,1
DA:48,1
DA:49,1
DA:50,1
DA:51,1
DA:52,1
DA:55,1
DA:56,1
DA:57,1
DA:58,1
DA:59,1
DA:60,1
DA:61,1
DA:62,1
DA:63,1
DA:64,1
DA:67,1
DA:68,1
DA:69,1
DA:70,1
DA:71,1
DA:72,1
DA:73,1
DA:74,1
DA:75,1
DA:76,1
DA:77,1
DA:78,1
DA:79,1
DA:80,1
DA:81,1
BRF:0
BRH:0
LF:43
LH:43
end_of_record
SF:/Users/a.gerasimchuk/Documents/git/vkteams-bot/crates/vkteams-bot/src/api/messages/send_file.rs
FN:49,_RNvXNtNtNtCs6nKU4QwA5Sb_11vkteams_bot3api8messages9send_fileNtB2_23RequestMessagesSendFileNtNtB6_5utils18MessageTextSetters12set_keyboard
FN:41,_RNvXNtNtNtCs6nKU4QwA5Sb_11vkteams_bot3api8messages9send_fileNtB2_23RequestMessagesSendFileNtNtB6_5utils18MessageTextSetters18set_forward_msg_id
FN:33,_RNvXNtNtNtCs6nKU4QwA5Sb_11vkteams_bot3api8messages9send_fileNtB2_23RequestMessagesSendFileNtNtB6_5utils18MessageTextSetters8set_text
FN:59,_RNvNtNtNtNtCs6nKU4QwA5Sb_11vkteams_bot3api8messages9send_file5testss_19test_set_text_valid
FN:90,_RNvNtNtNtNtCs6nKU4QwA5Sb_11vkteams_bot3api8messages9send_file5testss_23test_set_keyboard_valid
FN:75,_RNvNtNtNtNtCs6nKU4QwA5Sb_11vkteams_bot3api8messages9send_file5testss_26test_set_text_parser_error
FN:110,_RNvNtNtNtNtCs6nKU4QwA5Sb_11vkteams_bot3api8messages9send_file5testss_29test_set_forward_msg_id_valid
FNDA:1,_RNvXNtNtNtCs6nKU4QwA5Sb_11vkteams_bot3api8messages9send_fileNtB2_23RequestMessagesSendFileNtNtB6_5utils18MessageTextSetters12set_keyboard
FNDA:1,_RNvXNtNtNtCs6nKU4QwA5Sb_11vkteams_bot3api8messages9send_fileNtB2_23RequestMessagesSendFileNtNtB6_5utils18MessageTextSetters18set_forward_msg_id
FNDA:2,_RNvXNtNtNtCs6nKU4QwA5Sb_11vkteams_bot3api8messages9send_fileNtB2_23RequestMessagesSendFileNtNtB6_5utils18MessageTextSetters8set_text
FNDA:1,_RNvNtNtNtNtCs6nKU4QwA5Sb_11vkteams_bot3api8messages9send_file5testss_19test_set_text_valid
FNDA:1,_RNvNtNtNtNtCs6nKU4QwA5Sb_11vkteams_bot3api8messages9send_file5testss_23test_set_keyboard_valid
FNDA:1,_RNvNtNtNtNtCs6nKU4QwA5Sb_11vkteams_bot3api8messages9send_file5testss_26test_set_text_parser_error
FNDA:1,_RNvNtNtNtNtCs6nKU4QwA5Sb_11vkteams_bot3api8messages9send_file5testss_29test_set_forward_msg_id_valid
FNF:7
FNH:7
DA:33,2
DA:34,2
DA:35,1
DA:36,2
DA:41,1
DA:42,1
DA:43,1
DA:44,1
DA:45,1
DA:49,1
DA:50,1
DA:51,1
DA:59,1
DA:60,1
DA:61,1
DA:62,1
DA:63,1
DA:64,1
DA:65,1
DA:66,1
DA:67,1
DA:68,1
DA:69,1
DA:70,1
DA:71,1
DA:72,1
DA:75,1
DA:76,1
DA:77,1
DA:78,1
DA:79,1
DA:80,1
DA:81,1
DA:82,1
DA:83,1
DA:84,1
DA:85,1
DA:86,1
DA:87,1
DA:90,1
DA:91,1
DA:92,1
DA:93,1
DA:94,1
DA:95,1
DA:96,1
DA:97,1
DA:98,1
DA:99,1
DA:100,1
DA:101,1
DA:102,1
DA:103,1
DA:104,1
DA:105,1
DA:106,1
DA:107,1
DA:110,1
DA:111,1
DA:112,1
DA:113,1
DA:114,1
DA:115,1
DA:116,1
DA:117,1
DA:118,1
DA:119,1
DA:120,1
BRF:0
BRH:0
LF:68
LH:68
end_of_record
SF:/Users/a.gerasimchuk/Documents/git/vkteams-bot/crates/vkteams-bot/src/api/messages/send_text.rs
FN:47,_RNvNtNtNtNtCs6nKU4QwA5Sb_11vkteams_bot3api8messages9send_text5testss_19test_set_text_valid
FN:73,_RNvNtNtNtNtCs6nKU4QwA5Sb_11vkteams_bot3api8messages9send_text5testss_23test_set_keyboard_valid
FN:60,_RNvNtNtNtNtCs6nKU4QwA5Sb_11vkteams_bot3api8messages9send_text5testss_26test_set_text_parser_error
FN:37,_RNvXNtNtNtCs6nKU4QwA5Sb_11vkteams_bot3api8messages9send_textNtB2_23RequestMessagesSendTextNtNtB6_5utils18MessageTextSetters12set_keyboard
FN:30,_RNvXNtNtNtCs6nKU4QwA5Sb_11vkteams_bot3api8messages9send_textNtB2_23RequestMessagesSendTextNtNtB6_5utils18MessageTextSetters8set_text
FNDA:1,_RNvNtNtNtNtCs6nKU4QwA5Sb_11vkteams_bot3api8messages9send_text5testss_19test_set_text_valid
FNDA:1,_RNvNtNtNtNtCs6nKU4QwA5Sb_11vkteams_bot3api8messages9send_text5testss_23test_set_keyboard_valid
FNDA:1,_RNvNtNtNtNtCs6nKU4QwA5Sb_11vkteams_bot3api8messages9send_text5testss_26test_set_text_parser_error
FNDA:1,_RNvXNtNtNtCs6nKU4QwA5Sb_11vkteams_bot3api8messages9send_textNtB2_23RequestMessagesSendTextNtNtB6_5utils18MessageTextSetters12set_keyboard
FNDA:2,_RNvXNtNtNtCs6nKU4QwA5Sb_11vkteams_bot3api8messages9send_textNtB2_23RequestMessagesSendTextNtNtB6_5utils18MessageTextSetters8set_text
FNF:5
FNH:5
DA:30,2
DA:31,2
DA:32,1
DA:33,2
DA:37,1
DA:38,1
DA:39,1
DA:47,1
DA:48,1
DA:49,1
DA:50,1
DA:51,1
DA:52,1
DA:53,1
DA:54,1
DA:55,1
DA:56,1
DA:57,1
DA:60,1
DA:61,1
DA:62,1
DA:63,1
DA:64,1
DA:65,1
DA:66,1
DA:67,1
DA:68,1
DA:69,1
DA:70,1
DA:73,1
DA:74,1
DA:75,1
DA:76,1
DA:77,1
DA:78,1
DA:79,1
DA:80,1
DA:81,1
DA:82,1
DA:83,1
DA:84,1
DA:85,1
DA:86,1
DA:87,1
BRF:0
BRH:0
LF:44
LH:44
end_of_record
SF:/Users/a.gerasimchuk/Documents/git/vkteams-bot/crates/vkteams-bot/src/api/messages/send_voice.rs
FN:58,_RNvNtNtNtNtCs6nKU4QwA5Sb_11vkteams_bot3api8messages10send_voice5testss_19test_set_text_valid
FN:89,_RNvNtNtNtNtCs6nKU4QwA5Sb_11vkteams_bot3api8messages10send_voice5testss_23test_set_keyboard_valid
FN:74,_RNvNtNtNtNtCs6nKU4QwA5Sb_11vkteams_bot3api8messages10send_voice5testss_26test_set_text_parser_error
FN:109,_RNvNtNtNtNtCs6nKU4QwA5Sb_11vkteams_bot3api8messages10send_voice5testss_29test_set_forward_msg_id_valid
FN:48,_RNvXNtNtNtCs6nKU4QwA5Sb_11vkteams_bot3api8messages10send_voiceNtB2_24RequestMessagesSendVoiceNtNtB6_5utils18MessageTextSetters12set_keyboard
FN:40,_RNvXNtNtNtCs6nKU4QwA5Sb_11vkteams_bot3api8messages10send_voiceNtB2_24RequestMessagesSendVoiceNtNtB6_5utils18MessageTextSetters18set_forward_msg_id
FN:32,_RNvXNtNtNtCs6nKU4QwA5Sb_11vkteams_bot3api8messages10send_voiceNtB2_24RequestMessagesSendVoiceNtNtB6_5utils18MessageTextSetters8set_text
FNDA:1,_RNvNtNtNtNtCs6nKU4QwA5Sb_11vkteams_bot3api8messages10send_voice5testss_19test_set_text_valid
FNDA:1,_RNvNtNtNtNtCs6nKU4QwA5Sb_11vkteams_bot3api8messages10send_voice5testss_23test_set_keyboard_valid
FNDA:1,_RNvNtNtNtNtCs6nKU4QwA5Sb_11vkteams_bot3api8messages10send_voice5testss_26test_set_text_parser_error
FNDA:1,_RNvNtNtNtNtCs6nKU4QwA5Sb_11vkteams_bot3api8messages10send_voice5testss_29test_set_forward_msg_id_valid
FNDA:1,_RNvXNtNtNtCs6nKU4QwA5Sb_11vkteams_bot3api8messages10send_voiceNtB2_24RequestMessagesSendVoiceNtNtB6_5utils18MessageTextSetters12set_keyboard
FNDA:1,_RNvXNtNtNtCs6nKU4QwA5Sb_11vkteams_bot3api8messages10send_voiceNtB2_24RequestMessagesSendVoiceNtNtB6_5utils18MessageTextSetters18set_forward_msg_id
FNDA:2,_RNvXNtNtNtCs6nKU4QwA5Sb_11vkteams_bot3api8messages10send_voiceNtB2_24RequestMessagesSendVoiceNtNtB6_5utils18MessageTextSetters8set_text
FNF:7
FNH:7
DA:32,2
DA:33,2
DA:34,1
DA:35,2
DA:40,1
DA:41,1
DA:42,1
DA:43,1
DA:44,1
DA:48,1
DA:49,1
DA:50,1
DA:58,1
DA:59,1
DA:60,1
DA:61,1
DA:62,1
DA:63,1
DA:64,1
DA:65,1
DA:66,1
DA:67,1
DA:68,1
DA:69,1
DA:70,1
DA:71,1
DA:74,1
DA:75,1
DA:76,1
DA:77,1
DA:78,1
DA:79,1
DA:80,1
DA:81,1
DA:82,1
DA:83,1
DA:84,1
DA:85,1
DA:86,1
DA:89,1
DA:90,1
DA:91,1
DA:92,1
DA:93,1
DA:94,1
DA:95,1
DA:96,1
DA:97,1
DA:98,1
DA:99,1
DA:100,1
DA:101,1
DA:102,1
DA:103,1
DA:104,1
DA:105,1
DA:106,1
DA:109,1
DA:110,1
DA:111,1
DA:112,1
DA:113,1
DA:114,1
DA:115,1
DA:116,1
DA:117,1
DA:118,1
DA:119,1
BRF:0
BRH:0
LF:68
LH:68
end_of_record
SF:/Users/a.gerasimchuk/Documents/git/vkteams-bot/crates/vkteams-bot/src/api/types.rs
FN:518,_RNvXININtNtCsbLHegzyFDEG_11vkteams_bot3api5types0pEINtNtCsaTRkahAGrLL_4core6result6ResultpNtNtB9_5error8BotErrorEINtNtBS_7convert4FromINtB5_18ApiResponseWrapperpEE4fromB9_
FN:557,_RNvXs0_NtNtCsbLHegzyFDEG_11vkteams_bot3api5typesNtB5_13APIVersionUrlNtNtCsaTRkahAGrLL_4core3fmt7Display3fmt
FN:566,_RNvXs1_NtNtCsbLHegzyFDEG_11vkteams_bot3api5typesNtB5_13MultipartNameNtNtCsaTRkahAGrLL_4core3fmt7Display3fmt
FN:578,_RNvXs2_NtNtCsbLHegzyFDEG_11vkteams_bot3api5typesNtB5_8KeyboardNtNtCsaTRkahAGrLL_4core7default7Default7default
FN:587,_RNvXs3_NtNtCsbLHegzyFDEG_11vkteams_bot3api5typesNtB5_6UserIdNtNtCsaTRkahAGrLL_4core3fmt7Display3fmt
FN:550,_RNvXs_NtNtCsbLHegzyFDEG_11vkteams_bot3api5typesNtB4_6ChatIdNtNtCsaTRkahAGrLL_4core3fmt7Display3fmt
FN:557,_RNvXs0_NtNtCs6nKU4QwA5Sb_11vkteams_bot3api5typesNtB5_13APIVersionUrlNtNtCsaTRkahAGrLL_4core3fmt7Display3fmt
FN:566,_RNvXs1_NtNtCs6nKU4QwA5Sb_11vkteams_bot3api5typesNtB5_13MultipartNameNtNtCsaTRkahAGrLL_4core3fmt7Display3fmt
FN:578,_RNvXs2_NtNtCs6nKU4QwA5Sb_11vkteams_bot3api5typesNtB5_8KeyboardNtNtCsaTRkahAGrLL_4core7default7Default7default
FN:587,_RNvXs3_NtNtCs6nKU4QwA5Sb_11vkteams_bot3api5typesNtB5_6UserIdNtNtCsaTRkahAGrLL_4core3fmt7Display3fmt
FN:550,_RNvXs_NtNtCs6nKU4QwA5Sb_11vkteams_bot3api5typesNtB4_6ChatIdNtNtCsaTRkahAGrLL_4core3fmt7Display3fmt
FN:643,_RNvNtNtNtCs6nKU4QwA5Sb_11vkteams_bot3api5types5testss_19test_chatid_display
FN:718,_RNvNtNtNtCs6nKU4QwA5Sb_11vkteams_bot3api5types5testss_19test_keyboard_serde
FN:649,_RNvNtNtNtCs6nKU4QwA5Sb_11vkteams_bot3api5types5testss_19test_userid_display
FN:1112,_RNvNtNtNtCs6nKU4QwA5Sb_11vkteams_bot3api5types5testss_20test_chat_wrong_type
FN:691,_RNvNtNtNtCs6nKU4QwA5Sb_11vkteams_bot3api5types5testss_20test_eventtype_serde
FN:673,_RNvNtNtNtCs6nKU4QwA5Sb_11vkteams_bot3api5types5testss_21test_keyboard_default
FN:685,_RNvNtNtNtCs6nKU4QwA5Sb_11vkteams_bot3api5types5testss_22test_parsemode_default
FN:679,_RNvNtNtNtCs6nKU4QwA5Sb_11vkteams_bot3api5types5testss_23test_event_type_default
FN:708,_RNvNtNtNtCs6nKU4QwA5Sb_11vkteams_bot3api5types5testss_23test_messageparts_serde
FN:598,_RNvNtNtNtCs6nKU4QwA5Sb_11vkteams_bot3api5types5testss_24test_event_message_serde
FN:1096,_RNvNtNtNtCs6nKU4QwA5Sb_11vkteams_bot3api5types5testss_24test_messageformat_empty
FN:725,_RNvNtNtNtCs6nKU4QwA5Sb_11vkteams_bot3api5types5testss_25test_buttonkeyboard_serde
FN:1104,_RNvNtNtNtCs6nKU4QwA5Sb_11vkteams_bot3api5types5testss_25test_chat_missing_chat_id
FN:1025,_RNvNtNtNtCs6nKU4QwA5Sb_11vkteams_bot3api5types5testss_27test_keyboard_empty_buttons
FN:1010,_RNvNtNtNtCs6nKU4QwA5Sb_11vkteams_bot3api5types5testss_28test_eventmessage_wrong_type
FN:1120,_RNvNtNtNtCs6nKU4QwA5Sb_11vkteams_bot3api5types5testss_28test_from_missing_first_name
FN:1128,_RNvNtNtNtCs6nKU4QwA5Sb_11vkteams_bot3api5types5testss_28test_from_wrong_user_id_type
FN:1088,_RNvNtNtNtCs6nKU4QwA5Sb_11vkteams_bot3api5types5testss_28test_messageparts_wrong_type
FN:744,_RNvNtNtNtCs6nKU4QwA5Sb_11vkteams_bot3api5types5testss_29test_apiresponsewrapper_error
FN:1035,_RNvNtNtNtCs6nKU4QwA5Sb_11vkteams_bot3api5types5testss_29test_keyboard_missing_buttons
FN:1053,_RNvNtNtNtCs6nKU4QwA5Sb_11vkteams_bot3api5types5testss_30test_buttonkeyboard_wrong_type
FN:765,_RNvNtNtNtCs6nKU4QwA5Sb_11vkteams_bot3api5types5testss_30test_keyboard_one_button_valid
FN:1080,_RNvNtNtNtCs6nKU4QwA5Sb_11vkteams_bot3api5types5testss_30test_messageparts_missing_type
FN:996,_RNvNtNtNtCs6nKU4QwA5Sb_11vkteams_bot3api5types5testss_31test_eventmessage_missing_field
FN:1043,_RNvNtNtNtCs6nKU4QwA5Sb_11vkteams_bot3api5types5testss_32test_buttonkeyboard_missing_text
FN:655,_RNvNtNtNtCs6nKU4QwA5Sb_11vkteams_bot3api5types5testss_33test_api_response_wrapper_from_ok
FN:1072,_RNvNtNtNtCs6nKU4QwA5Sb_11vkteams_bot3api5types5testss_34test_apiresponsewrapper_wrong_type
FN:732,_RNvNtNtNtCs6nKU4QwA5Sb_11vkteams_bot3api5types5testss_35test_apiresponsewrapper_payloadonly
FN:777,_RNvNtNtNtCs6nKU4QwA5Sb_11vkteams_bot3api5types5testss_35test_buttonkeyboard_optional_fields
FN:789,_RNvNtNtNtCs6nKU4QwA5Sb_11vkteams_bot3api5types5testss_35test_eventpayload_new_message_serde
FN:663,_RNvNtNtNtCs6nKU4QwA5Sb_11vkteams_bot3api5types5testss_36test_api_response_wrapper_from_error
FN:757,_RNvNtNtNtCs6nKU4QwA5Sb_11vkteams_bot3api5types5testss_37test_keyboard_empty_buttons_edge_case
FN:875,_RNvNtNtNtCs6nKU4QwA5Sb_11vkteams_bot3api5types5testss_38test_eventpayload_callback_query_serde
FN:817,_RNvNtNtNtCs6nKU4QwA5Sb_11vkteams_bot3api5types5testss_38test_eventpayload_delete_message_serde
FN:803,_RNvNtNtNtCs6nKU4QwA5Sb_11vkteams_bot3api5types5testss_38test_eventpayload_edited_message_serde
FN:828,_RNvNtNtNtCs6nKU4QwA5Sb_11vkteams_bot3api5types5testss_38test_eventpayload_pinned_message_serde
FN:1176,_RNvNtNtNtCs6nKU4QwA5Sb_11vkteams_bot3api5types5testss_39test_messageformatstruct_missing_offset
FN:1064,_RNvNtNtNtCs6nKU4QwA5Sb_11vkteams_bot3api5types5testss_40test_apiresponsewrapper_missing_response
FN:853,_RNvNtNtNtCs6nKU4QwA5Sb_11vkteams_bot3api5types5testss_40test_eventpayload_new_chat_members_serde
FN:909,_RNvNtNtNtCs6nKU4QwA5Sb_11vkteams_bot3api5types5testss_40test_eventpayload_new_message_wrong_type
FN:842,_RNvNtNtNtCs6nKU4QwA5Sb_11vkteams_bot3api5types5testss_40test_eventpayload_unpinned_message_serde
FN:1184,_RNvNtNtNtCs6nKU4QwA5Sb_11vkteams_bot3api5types5testss_40test_messageformatstructlink_missing_url
FN:864,_RNvNtNtNtCs6nKU4QwA5Sb_11vkteams_bot3api5types5testss_41test_eventpayload_left_chat_members_serde
FN:924,_RNvNtNtNtCs6nKU4QwA5Sb_11vkteams_bot3api5types5testss_41test_eventpayload_new_message_empty_parts
FN:1192,_RNvNtNtNtCs6nKU4QwA5Sb_11vkteams_bot3api5types5testss_42test_messageformatstructpre_missing_offset
FN:1144,_RNvNtNtNtCs6nKU4QwA5Sb_11vkteams_bot3api5types5testss_42test_messagepartspayloadsticker_wrong_type
FN:975,_RNvNtNtNtCs6nKU4QwA5Sb_11vkteams_bot3api5types5testss_43test_eventpayload_callback_query_wrong_type
FN:895,_RNvNtNtNtCs6nKU4QwA5Sb_11vkteams_bot3api5types5testss_43test_eventpayload_new_message_missing_field
FN:1168,_RNvNtNtNtCs6nKU4QwA5Sb_11vkteams_bot3api5types5testss_44test_messagepartspayloadfile_missing_file_id
FN:1160,_RNvNtNtNtCs6nKU4QwA5Sb_11vkteams_bot3api5types5testss_45test_messagepartspayloadvoice_missing_file_id
FN:1152,_RNvNtNtNtCs6nKU4QwA5Sb_11vkteams_bot3api5types5testss_47test_messagepartspayloadmention_missing_user_id
FN:1136,_RNvNtNtNtCs6nKU4QwA5Sb_11vkteams_bot3api5types5testss_47test_messagepartspayloadsticker_missing_file_id
FN:962,_RNvNtNtNtCs6nKU4QwA5Sb_11vkteams_bot3api5types5testss_48test_eventpayload_callback_query_missing_message
FN:939,_RNvNtNtNtCs6nKU4QwA5Sb_11vkteams_bot3api5types5testss_48test_eventpayload_new_chat_members_empty_members
FN:951,_RNvNtNtNtCs6nKU4QwA5Sb_11vkteams_bot3api5types5testss_50test_eventpayload_new_chat_members_missing_members
FN:518,_RNvXNtNtCs6nKU4QwA5Sb_11vkteams_bot3api5typesINtNtCsaTRkahAGrLL_4core6result6ResultmNtNtB6_5error8BotErrorEINtNtBM_7convert4FromINtB2_18ApiResponseWrappermEE4fromB6_
FN:518,_RNvXNtNtCs6nKU4QwA5Sb_11vkteams_bot3api5typesINtNtCsaTRkahAGrLL_4core6result6ResultuNtNtB6_5error8BotErrorEINtNtBM_7convert4FromINtB2_18ApiResponseWrapperuEE4fromB6_
FNDA:0,_RNvXININtNtCsbLHegzyFDEG_11vkteams_bot3api5types0pEINtNtCsaTRkahAGrLL_4core6result6ResultpNtNtB9_5error8BotErrorEINtNtBS_7convert4FromINtB5_18ApiResponseWrapperpEE4fromB9_
FNDA:1002,_RNvXs0_NtNtCsbLHegzyFDEG_11vkteams_bot3api5typesNtB5_13APIVersionUrlNtNtCsaTRkahAGrLL_4core3fmt7Display3fmt
FNDA:0,_RNvXs1_NtNtCsbLHegzyFDEG_11vkteams_bot3api5typesNtB5_13MultipartNameNtNtCsaTRkahAGrLL_4core3fmt7Display3fmt
FNDA:0,_RNvXs2_NtNtCsbLHegzyFDEG_11vkteams_bot3api5typesNtB5_8KeyboardNtNtCsaTRkahAGrLL_4core7default7Default7default
FNDA:0,_RNvXs3_NtNtCsbLHegzyFDEG_11vkteams_bot3api5typesNtB5_6UserIdNtNtCsaTRkahAGrLL_4core3fmt7Display3fmt
FNDA:0,_RNvXs_NtNtCsbLHegzyFDEG_11vkteams_bot3api5typesNtB4_6ChatIdNtNtCsaTRkahAGrLL_4core3fmt7Display3fmt
FNDA:8,_RNvXs0_NtNtCs6nKU4QwA5Sb_11vkteams_bot3api5typesNtB5_13APIVersionUrlNtNtCsaTRkahAGrLL_4core3fmt7Display3fmt
FNDA:0,_RNvXs1_NtNtCs6nKU4QwA5Sb_11vkteams_bot3api5typesNtB5_13MultipartNameNtNtCsaTRkahAGrLL_4core3fmt7Display3fmt
FNDA:1,_RNvXs2_NtNtCs6nKU4QwA5Sb_11vkteams_bot3api5typesNtB5_8KeyboardNtNtCsaTRkahAGrLL_4core7default7Default7default
FNDA:1,_RNvXs3_NtNtCs6nKU4QwA5Sb_11vkteams_bot3api5typesNtB5_6UserIdNtNtCsaTRkahAGrLL_4core3fmt7Display3fmt
FNDA:1,_RNvXs_NtNtCs6nKU4QwA5Sb_11vkteams_bot3api5typesNtB4_6ChatIdNtNtCsaTRkahAGrLL_4core3fmt7Display3fmt
FNDA:1,_RNvNtNtNtCs6nKU4QwA5Sb_11vkteams_bot3api5types5testss_19test_chatid_display
FNDA:1,_RNvNtNtNtCs6nKU4QwA5Sb_11vkteams_bot3api5types5testss_19test_keyboard_serde
FNDA:1,_RNvNtNtNtCs6nKU4QwA5Sb_11vkteams_bot3api5types5testss_19test_userid_display
FNDA:1,_RNvNtNtNtCs6nKU4QwA5Sb_11vkteams_bot3api5types5testss_20test_chat_wrong_type
FNDA:1,_RNvNtNtNtCs6nKU4QwA5Sb_11vkteams_bot3api5types5testss_20test_eventtype_serde
FNDA:1,_RNvNtNtNtCs6nKU4QwA5Sb_11vkteams_bot3api5types5testss_21test_keyboard_default
FNDA:1,_RNvNtNtNtCs6nKU4QwA5Sb_11vkteams_bot3api5types5testss_22test_parsemode_default
FNDA:1,_RNvNtNtNtCs6nKU4QwA5Sb_11vkteams_bot3api5types5testss_23test_event_type_default
FNDA:1,_RNvNtNtNtCs6nKU4QwA5Sb_11vkteams_bot3api5types5testss_23test_messageparts_serde
FNDA:1,_RNvNtNtNtCs6nKU4QwA5Sb_11vkteams_bot3api5types5testss_24test_event_message_serde
FNDA:1,_RNvNtNtNtCs6nKU4QwA5Sb_11vkteams_bot3api5types5testss_24test_messageformat_empty
FNDA:1,_RNvNtNtNtCs6nKU4QwA5Sb_11vkteams_bot3api5types5testss_25test_buttonkeyboard_serde
FNDA:1,_RNvNtNtNtCs6nKU4QwA5Sb_11vkteams_bot3api5types5testss_25test_chat_missing_chat_id
FNDA:1,_RNvNtNtNtCs6nKU4QwA5Sb_11vkteams_bot3api5types5testss_27test_keyboard_empty_buttons
FNDA:1,_RNvNtNtNtCs6nKU4QwA5Sb_11vkteams_bot3api5types5testss_28test_eventmessage_wrong_type
FNDA:1,_RNvNtNtNtCs6nKU4QwA5Sb_11vkteams_bot3api5types5testss_28test_from_missing_first_name
FNDA:1,_RNvNtNtNtCs6nKU4QwA5Sb_11vkteams_bot3api5types5testss_28test_from_wrong_user_id_type
FNDA:1,_RNvNtNtNtCs6nKU4QwA5Sb_11vkteams_bot3api5types5testss_28test_messageparts_wrong_type
FNDA:1,_RNvNtNtNtCs6nKU4QwA5Sb_11vkteams_bot3api5types5testss_29test_apiresponsewrapper_error
FNDA:1,_RNvNtNtNtCs6nKU4QwA5Sb_11vkteams_bot3api5types5testss_29test_keyboard_missing_buttons
FNDA:1,_RNvNtNtNtCs6nKU4QwA5Sb_11vkteams_bot3api5types5testss_30test_buttonkeyboard_wrong_type
FNDA:1,_RNvNtNtNtCs6nKU4QwA5Sb_11vkteams_bot3api5types5testss_30test_keyboard_one_button_valid
FNDA:1,_RNvNtNtNtCs6nKU4QwA5Sb_11vkteams_bot3api5types5testss_30test_messageparts_missing_type
FNDA:1,_RNvNtNtNtCs6nKU4QwA5Sb_11vkteams_bot3api5types5testss_31test_eventmessage_missing_field
FNDA:1,_RNvNtNtNtCs6nKU4QwA5Sb_11vkteams_bot3api5types5testss_32test_buttonkeyboard_missing_text
FNDA:1,_RNvNtNtNtCs6nKU4QwA5Sb_11vkteams_bot3api5types5testss_33test_api_response_wrapper_from_ok
FNDA:1,_RNvNtNtNtCs6nKU4QwA5Sb_11vkteams_bot3api5types5testss_34test_apiresponsewrapper_wrong_type
FNDA:1,_RNvNtNtNtCs6nKU4QwA5Sb_11vkteams_bot3api5types5testss_35test_apiresponsewrapper_payloadonly
FNDA:1,_RNvNtNtNtCs6nKU4QwA5Sb_11vkteams_bot3api5types5testss_35test_buttonkeyboard_optional_fields
FNDA:1,_RNvNtNtNtCs6nKU4QwA5Sb_11vkteams_bot3api5types5testss_35test_eventpayload_new_message_serde
FNDA:1,_RNvNtNtNtCs6nKU4QwA5Sb_11vkteams_bot3api5types5testss_36test_api_response_wrapper_from_error
FNDA:1,_RNvNtNtNtCs6nKU4QwA5Sb_11vkteams_bot3api5types5testss_37test_keyboard_empty_buttons_edge_case
FNDA:1,_RNvNtNtNtCs6nKU4QwA5Sb_11vkteams_bot3api5types5testss_38test_eventpayload_callback_query_serde
FNDA:1,_RNvNtNtNtCs6nKU4QwA5Sb_11vkteams_bot3api5types5testss_38test_eventpayload_delete_message_serde
FNDA:1,_RNvNtNtNtCs6nKU4QwA5Sb_11vkteams_bot3api5types5testss_38test_eventpayload_edited_message_serde
FNDA:1,_RNvNtNtNtCs6nKU4QwA5Sb_11vkteams_bot3api5types5testss_38test_eventpayload_pinned_message_serde
FNDA:1,_RNvNtNtNtCs6nKU4QwA5Sb_11vkteams_bot3api5types5testss_39test_messageformatstruct_missing_offset
FNDA:1,_RNvNtNtNtCs6nKU4QwA5Sb_11vkteams_bot3api5types5testss_40test_apiresponsewrapper_missing_response
FNDA:1,_RNvNtNtNtCs6nKU4QwA5Sb_11vkteams_bot3api5types5testss_40test_eventpayload_new_chat_members_serde
FNDA:1,_RNvNtNtNtCs6nKU4QwA5Sb_11vkteams_bot3api5types5testss_40test_eventpayload_new_message_wrong_type
FNDA:1,_RNvNtNtNtCs6nKU4QwA5Sb_11vkteams_bot3api5types5testss_40test_eventpayload_unpinned_message_serde
FNDA:1,_RNvNtNtNtCs6nKU4QwA5Sb_11vkteams_bot3api5types5testss_40test_messageformatstructlink_missing_url
FNDA:1,_RNvNtNtNtCs6nKU4QwA5Sb_11vkteams_bot3api5types5testss_41test_eventpayload_left_chat_members_serde
FNDA:1,_RNvNtNtNtCs6nKU4QwA5Sb_11vkteams_bot3api5types5testss_41test_eventpayload_new_message_empty_parts
FNDA:1,_RNvNtNtNtCs6nKU4QwA5Sb_11vkteams_bot3api5types5testss_42test_messageformatstructpre_missing_offset
FNDA:1,_RNvNtNtNtCs6nKU4QwA5Sb_11vkteams_bot3api5types5testss_42test_messagepartspayloadsticker_wrong_type
FNDA:1,_RNvNtNtNtCs6nKU4QwA5Sb_11vkteams_bot3api5types5testss_43test_eventpayload_callback_query_wrong_type
FNDA:1,_RNvNtNtNtCs6nKU4QwA5Sb_11vkteams_bot3api5types5testss_43test_eventpayload_new_message_missing_field
FNDA:1,_RNvNtNtNtCs6nKU4QwA5Sb_11vkteams_bot3api5types5testss_44test_messagepartspayloadfile_missing_file_id
FNDA:1,_RNvNtNtNtCs6nKU4QwA5Sb_11vkteams_bot3api5types5testss_45test_messagepartspayloadvoice_missing_file_id
FNDA:1,_RNvNtNtNtCs6nKU4QwA5Sb_11vkteams_bot3api5types5testss_47test_messagepartspayloadmention_missing_user_id
FNDA:1,_RNvNtNtNtCs6nKU4QwA5Sb_11vkteams_bot3api5types5testss_47test_messagepartspayloadsticker_missing_file_id
FNDA:1,_RNvNtNtNtCs6nKU4QwA5Sb_11vkteams_bot3api5types5testss_48test_eventpayload_callback_query_missing_message
FNDA:1,_RNvNtNtNtCs6nKU4QwA5Sb_11vkteams_bot3api5types5testss_48test_eventpayload_new_chat_members_empty_members
FNDA:1,_RNvNtNtNtCs6nKU4QwA5Sb_11vkteams_bot3api5types5testss_50test_eventpayload_new_chat_members_missing_members
FNDA:2,_RNvXNtNtCs6nKU4QwA5Sb_11vkteams_bot3api5typesINtNtCsaTRkahAGrLL_4core6result6ResultmNtNtB6_5error8BotErrorEINtNtBM_7convert4FromINtB2_18ApiResponseWrappermEE4fromB6_
FNDA:0,_RNvXNtNtCs6nKU4QwA5Sb_11vkteams_bot3api5typesINtNtCsaTRkahAGrLL_4core6result6ResultuNtNtB6_5error8BotErrorEINtNtBM_7convert4FromINtB2_18ApiResponseWrapperuEE4fromB6_
FNF:61
FNH:60
DA:518,2
DA:519,2
DA:520,1
DA:521,1
DA:522,1
DA:523,1
DA:525,0
DA:526,0
DA:527,0
DA:528,0
DA:531,0
DA:532,0
DA:533,0
DA:535,1
DA:536,1
DA:537,0
DA:539,1
DA:541,1
DA:544,2
DA:550,1
DA:551,1
DA:552,1
DA:557,1010
DA:558,1010
DA:559,1010
DA:560,1010
DA:561,1010
DA:566,0
DA:567,0
DA:568,0
DA:569,0
DA:570,0
DA:572,0
DA:578,1
DA:579,1
DA:580,1
DA:581,1
DA:582,1
DA:583,1
DA:587,1
DA:588,1
DA:589,1
DA:598,1
DA:599,1
DA:600,1
DA:601,1
DA:602,1
DA:603,1
DA:604,1
DA:605,1
DA:606,1
DA:607,1
DA:608,1
DA:609,1
DA:610,1
DA:611,1
DA:612,1
DA:613,1
DA:614,1
DA:615,1
DA:616,1
DA:617,1
DA:618,1
DA:619,1
DA:620,1
DA:621,1
DA:622,1
DA:623,1
DA:624,1
DA:625,1
DA:626,1
DA:627,1
DA:628,1
DA:629,1
DA:630,1
DA:631,1
DA:632,1
DA:633,1
DA:634,1
DA:635,1
DA:636,1
DA:637,1
DA:638,1
DA:639,1
DA:640,1
DA:643,1
DA:644,1
DA:645,1
DA:646,1
DA:649,1
DA:650,1
DA:651,1
DA:652,1
DA:655,1
DA:656,1
DA:657,1
DA:658,1
DA:659,1
DA:660,1
DA:663,1
DA:664,1
DA:665,1
DA:666,1
DA:667,1
DA:668,1
DA:669,1
DA:670,1
DA:673,1
DA:674,1
DA:675,1
DA:676,1
DA:679,1
DA:680,1
DA:681,1
DA:682,1
DA:685,1
DA:686,1
DA:687,1
DA:688,1
DA:691,1
DA:692,1
DA:693,1
DA:694,1
DA:695,1
DA:696,1
DA:697,1
DA:698,1
DA:699,1
DA:700,1
DA:701,1
DA:702,1
DA:703,1
DA:704,1
DA:705,1
DA:708,1
DA:709,1
DA:710,1
DA:711,1
DA:712,1
DA:713,1
DA:714,1
DA:715,1
DA:718,1
DA:719,1
DA:720,1
DA:721,1
DA:722,1
DA:725,1
DA:726,1
DA:727,1
DA:728,1
DA:729,1
DA:732,1
DA:733,1
DA:734,1
DA:735,1
DA:736,1
DA:737,1
DA:739,0
DA:741,1
DA:744,1
DA:745,1
DA:746,1
DA:747,1
DA:748,1
DA:749,1
DA:750,1
DA:752,0
DA:754,1
DA:757,1
DA:758,1
DA:759,1
DA:760,1
DA:761,1
DA:762,1
DA:765,1
DA:766,1
DA:767,1
DA:768,1
DA:769,1
DA:770,1
DA:771,1
DA:772,1
DA:773,1
DA:774,1
DA:777,1
DA:778,1
DA:779,1
DA:780,1
DA:781,1
DA:782,1
DA:783,1
DA:784,1
DA:785,1
DA:786,1
DA:789,1
DA:790,1
DA:791,1
DA:792,1
DA:793,1
DA:794,1
DA:795,1
DA:796,1
DA:797,1
DA:798,1
DA:799,1
DA:800,1
DA:803,1
DA:804,1
DA:805,1
DA:806,1
DA:807,1
DA:808,1
DA:809,1
DA:810,1
DA:811,1
DA:812,1
DA:813,1
DA:814,1
DA:817,1
DA:818,1
DA:819,1
DA:820,1
DA:821,1
DA:822,1
DA:823,1
DA:824,1
DA:825,1
DA:828,1
DA:829,1
DA:830,1
DA:831,1
DA:832,1
DA:833,1
DA:834,1
DA:835,1
DA:836,1
DA:837,1
DA:838,1
DA:839,1
DA:842,1
DA:843,1
DA:844,1
DA:845,1
DA:846,1
DA:847,1
DA:848,1
DA:849,1
DA:850,1
DA:853,1
DA:854,1
DA:855,1
DA:856,1
DA:857,1
DA:858,1
DA:859,1
DA:860,1
DA:861,1
DA:864,1
DA:865,1
DA:866,1
DA:867,1
DA:868,1
DA:869,1
DA:870,1
DA:871,1
DA:872,1
DA:875,1
DA:876,1
DA:877,1
DA:878,1
DA:879,1
DA:880,1
DA:881,1
DA:882,1
DA:883,1
DA:884,1
DA:885,1
DA:886,1
DA:887,1
DA:888,1
DA:889,1
DA:890,1
DA:891,1
DA:892,1
DA:895,1
DA:896,1
DA:897,1
DA:898,1
DA:899,1
DA:900,1
DA:901,1
DA:902,1
DA:903,1
DA:904,1
DA:905,1
DA:906,1
DA:909,1
DA:910,1
DA:911,1
DA:912,1
DA:913,1
DA:914,1
DA:915,1
DA:916,1
DA:917,1
DA:918,1
DA:919,1
DA:920,1
DA:921,1
DA:924,1
DA:925,1
DA:926,1
DA:927,1
DA:928,1
DA:929,1
DA:930,1
DA:931,1
DA:932,1
DA:933,1
DA:934,1
DA:935,1
DA:936,1
DA:939,1
DA:940,1
DA:941,1
DA:942,1
DA:943,1
DA:944,1
DA:945,1
DA:946,1
DA:947,1
DA:948,1
DA:951,1
DA:952,1
DA:953,1
DA:954,1
DA:955,1
DA:956,1
DA:957,1
DA:958,1
DA:959,1
DA:962,1
DA:963,1
DA:964,1
DA:965,1
DA:966,1
DA:967,1
DA:968,1
DA:969,1
DA:970,1
DA:971,1
DA:972,1
DA:975,1
DA:976,1
DA:977,1
DA:978,1
DA:979,1
DA:980,1
DA:981,1
DA:982,1
DA:983,1
DA:984,1
DA:985,1
DA:986,1
DA:987,1
DA:988,1
DA:989,1
DA:990,1
DA:991,1
DA:992,1
DA:993,1
DA:996,1
DA:997,1
DA:998,1
DA:999,1
DA:1000,1
DA:1001,1
DA:1002,1
DA:1003,1
DA:1004,1
DA:1005,1
DA:1006,1
DA:1007,1
DA:1010,1
DA:1011,1
DA:1012,1
DA:1013,1
DA:1014,1
DA:1015,1
DA:1016,1
DA:1017,1
DA:1018,1
DA:1019,1
DA:1020,1
DA:1021,1
DA:1022,1
DA:1025,1
DA:1026,1
DA:1027,1
DA:1028,1
DA:1029,1
DA:1030,1
DA:1031,1
DA:1032,1
DA:1035,1
DA:1036,1
DA:1037,1
DA:1038,1
DA:1039,1
DA:1040,1
DA:1043,1
DA:1044,1
DA:1045,1
DA:1046,1
DA:1047,1
DA:1048,1
DA:1049,1
DA:1050,1
DA:1053,1
DA:1054,1
DA:1055,1
DA:1056,1
DA:1057,1
DA:1058,1
DA:1059,1
DA:1060,1
DA:1061,1
DA:1064,1
DA:1065,1
DA:1066,1
DA:1067,1
DA:1068,1
DA:1069,1
DA:1072,1
DA:1073,1
DA:1074,1
DA:1075,1
DA:1076,1
DA:1077,1
DA:1080,1
DA:1081,1
DA:1082,1
DA:1083,1
DA:1084,1
DA:1085,1
DA:1088,1
DA:1089,1
DA:1090,1
DA:1091,1
DA:1092,1
DA:1093,1
DA:1096,1
DA:1097,1
DA:1098,1
DA:1099,1
DA:1100,1
DA:1101,1
DA:1104,1
DA:1105,1
DA:1106,1
DA:1107,1
DA:1108,1
DA:1109,1
DA:1112,1
DA:1113,1
DA:1114,1
DA:1115,1
DA:1116,1
DA:1117,1
DA:1120,1
DA:1121,1
DA:1122,1
DA:1123,1
DA:1124,1
DA:1125,1
DA:1128,1
DA:1129,1
DA:1130,1
DA:1131,1
DA:1132,1
DA:1133,1
DA:1136,1
DA:1137,1
DA:1138,1
DA:1139,1
DA:1140,1
DA:1141,1
DA:1144,1
DA:1145,1
DA:1146,1
DA:1147,1
DA:1148,1
DA:1149,1
DA:1152,1
DA:1153,1
DA:1154,1
DA:1155,1
DA:1156,1
DA:1157,1
DA:1160,1
DA:1161,1
DA:1162,1
DA:1163,1
DA:1164,1
DA:1165,1
DA:1168,1
DA:1169,1
DA:1170,1
DA:1171,1
DA:1172,1
DA:1173,1
DA:1176,1
DA:1177,1
DA:1178,1
DA:1179,1
DA:1180,1
DA:1181,1
DA:1184,1
DA:1185,1
DA:1186,1
DA:1187,1
DA:1188,1
DA:1189,1
DA:1192,1
DA:1193,1
DA:1194,1
DA:1195,1
DA:1196,1
DA:1197,1
BRF:0
BRH:0
LF:530
LH:514
end_of_record
SF:/Users/a.gerasimchuk/Documents/git/vkteams-bot/crates/vkteams-bot/src/api/utils/keyboard.rs
FN:7,_RNvXNtNtNtCsbLHegzyFDEG_11vkteams_bot3api5utils8keyboardNtNtCsfmASsVe1tYz_5alloc6string6StringINtNtCsaTRkahAGrLL_4core7convert4FromNtNtB6_5types8KeyboardE4from
FN:62,_RNvMs0_NtNtNtCsbLHegzyFDEG_11vkteams_bot3api5utils8keyboardNtNtB9_5types14ButtonKeyboard2cb
FN:49,_RNvMs0_NtNtNtCsbLHegzyFDEG_11vkteams_bot3api5utils8keyboardNtNtB9_5types14ButtonKeyboard3url
FN:29,_RNvMs_NtNtNtCsbLHegzyFDEG_11vkteams_bot3api5utils8keyboardNtNtB8_5types8Keyboard10add_button
FN:39,_RNvMs_NtNtNtCsbLHegzyFDEG_11vkteams_bot3api5utils8keyboardNtNtB8_5types8Keyboard12get_keyboard
FN:24,_RNvMs_NtNtNtCsbLHegzyFDEG_11vkteams_bot3api5utils8keyboardNtNtB8_5types8Keyboard13get_row_index
FN:13,_RNvMs_NtNtNtCsbLHegzyFDEG_11vkteams_bot3api5utils8keyboardNtNtB8_5types8Keyboard3new
FN:19,_RNvMs_NtNtNtCsbLHegzyFDEG_11vkteams_bot3api5utils8keyboardNtNtB8_5types8Keyboard7add_row
FN:7,_RNvXNtNtNtCs6nKU4QwA5Sb_11vkteams_bot3api5utils8keyboardNtNtCsfmASsVe1tYz_5alloc6string6StringINtNtCsaTRkahAGrLL_4core7convert4FromNtNtB6_5types8KeyboardE4from
FN:62,_RNvMs0_NtNtNtCs6nKU4QwA5Sb_11vkteams_bot3api5utils8keyboardNtNtB9_5types14ButtonKeyboard2cb
FN:49,_RNvMs0_NtNtNtCs6nKU4QwA5Sb_11vkteams_bot3api5utils8keyboardNtNtB9_5types14ButtonKeyboard3url
FN:29,_RNvMs_NtNtNtCs6nKU4QwA5Sb_11vkteams_bot3api5utils8keyboardNtNtB8_5types8Keyboard10add_button
FN:24,_RNvMs_NtNtNtCs6nKU4QwA5Sb_11vkteams_bot3api5utils8keyboardNtNtB8_5types8Keyboard13get_row_index
FN:13,_RNvMs_NtNtNtCs6nKU4QwA5Sb_11vkteams_bot3api5utils8keyboardNtNtB8_5types8Keyboard3new
FN:19,_RNvMs_NtNtNtCs6nKU4QwA5Sb_11vkteams_bot3api5utils8keyboardNtNtB8_5types8Keyboard7add_row
FN:39,_RNvMs_NtNtNtCs6nKU4QwA5Sb_11vkteams_bot3api5utils8keyboardNtNtB8_5types8Keyboard12get_keyboard
FNDA:0,_RNvXNtNtNtCsbLHegzyFDEG_11vkteams_bot3api5utils8keyboardNtNtCsfmASsVe1tYz_5alloc6string6StringINtNtCsaTRkahAGrLL_4core7convert4FromNtNtB6_5types8KeyboardE4from
FNDA:0,_RNvMs0_NtNtNtCsbLHegzyFDEG_11vkteams_bot3api5utils8keyboardNtNtB9_5types14ButtonKeyboard2cb
FNDA:0,_RNvMs0_NtNtNtCsbLHegzyFDEG_11vkteams_bot3api5utils8keyboardNtNtB9_5types14ButtonKeyboard3url
FNDA:0,_RNvMs_NtNtNtCsbLHegzyFDEG_11vkteams_bot3api5utils8keyboardNtNtB8_5types8Keyboard10add_button
FNDA:0,_RNvMs_NtNtNtCsbLHegzyFDEG_11vkteams_bot3api5utils8keyboardNtNtB8_5types8Keyboard12get_keyboard
FNDA:0,_RNvMs_NtNtNtCsbLHegzyFDEG_11vkteams_bot3api5utils8keyboardNtNtB8_5types8Keyboard13get_row_index
FNDA:0,_RNvMs_NtNtNtCsbLHegzyFDEG_11vkteams_bot3api5utils8keyboardNtNtB8_5types8Keyboard3new
FNDA:0,_RNvMs_NtNtNtCsbLHegzyFDEG_11vkteams_bot3api5utils8keyboardNtNtB8_5types8Keyboard7add_row
FNDA:4,_RNvXNtNtNtCs6nKU4QwA5Sb_11vkteams_bot3api5utils8keyboardNtNtCsfmASsVe1tYz_5alloc6string6StringINtNtCsaTRkahAGrLL_4core7convert4FromNtNtB6_5types8KeyboardE4from
FNDA:0,_RNvMs0_NtNtNtCs6nKU4QwA5Sb_11vkteams_bot3api5utils8keyboardNtNtB9_5types14ButtonKeyboard2cb
FNDA:0,_RNvMs0_NtNtNtCs6nKU4QwA5Sb_11vkteams_bot3api5utils8keyboardNtNtB9_5types14ButtonKeyboard3url
FNDA:0,_RNvMs_NtNtNtCs6nKU4QwA5Sb_11vkteams_bot3api5utils8keyboardNtNtB8_5types8Keyboard10add_button
FNDA:0,_RNvMs_NtNtNtCs6nKU4QwA5Sb_11vkteams_bot3api5utils8keyboardNtNtB8_5types8Keyboard13get_row_index
FNDA:0,_RNvMs_NtNtNtCs6nKU4QwA5Sb_11vkteams_bot3api5utils8keyboardNtNtB8_5types8Keyboard3new
FNDA:0,_RNvMs_NtNtNtCs6nKU4QwA5Sb_11vkteams_bot3api5utils8keyboardNtNtB8_5types8Keyboard7add_row
FNDA:4,_RNvMs_NtNtNtCs6nKU4QwA5Sb_11vkteams_bot3api5utils8keyboardNtNtB8_5types8Keyboard12get_keyboard
FNF:8
FNH:2
DA:7,4
DA:8,4
DA:9,4
DA:13,0
DA:14,0
DA:15,0
DA:16,0
DA:17,0
DA:19,0
DA:20,0
DA:21,0
DA:22,0
DA:24,0
DA:25,0
DA:26,0
DA:29,0
DA:30,0
DA:31,0
DA:32,0
DA:33,0
DA:34,0
DA:35,0
DA:36,0
DA:37,0
DA:39,4
DA:40,4
DA:41,4
DA:49,0
DA:50,0
DA:51,0
DA:52,0
DA:53,0
DA:54,0
DA:55,0
DA:56,0
DA:62,0
DA:63,0
DA:64,0
DA:65,0
DA:66,0
DA:67,0
DA:68,0
DA:69,0
BRF:0
BRH:0
LF:43
LH:6
end_of_record
SF:/Users/a.gerasimchuk/Documents/git/vkteams-bot/crates/vkteams-bot/src/api/utils/mod.rs
FN:32,_RNvYpNtNtNtCsbLHegzyFDEG_11vkteams_bot3api5utils18MessageTextSetters12set_keyboardB9_
FN:23,_RNvYpNtNtNtCsbLHegzyFDEG_11vkteams_bot3api5utils18MessageTextSetters18set_forward_msg_idB9_
FN:13,_RNvYpNtNtNtCsbLHegzyFDEG_11vkteams_bot3api5utils18MessageTextSetters8set_textB9_
FN:32,_RNvYpNtNtNtCs6nKU4QwA5Sb_11vkteams_bot3api5utils18MessageTextSetters12set_keyboardB9_
FN:23,_RNvYpNtNtNtCs6nKU4QwA5Sb_11vkteams_bot3api5utils18MessageTextSetters18set_forward_msg_idB9_
FN:13,_RNvYpNtNtNtCs6nKU4QwA5Sb_11vkteams_bot3api5utils18MessageTextSetters8set_textB9_
FNDA:0,_RNvYpNtNtNtCsbLHegzyFDEG_11vkteams_bot3api5utils18MessageTextSetters12set_keyboardB9_
FNDA:0,_RNvYpNtNtNtCsbLHegzyFDEG_11vkteams_bot3api5utils18MessageTextSetters18set_forward_msg_idB9_
FNDA:0,_RNvYpNtNtNtCsbLHegzyFDEG_11vkteams_bot3api5utils18MessageTextSetters8set_textB9_
FNDA:0,_RNvYpNtNtNtCs6nKU4QwA5Sb_11vkteams_bot3api5utils18MessageTextSetters12set_keyboardB9_
FNDA:0,_RNvYpNtNtNtCs6nKU4QwA5Sb_11vkteams_bot3api5utils18MessageTextSetters18set_forward_msg_idB9_
FNDA:0,_RNvYpNtNtNtCs6nKU4QwA5Sb_11vkteams_bot3api5utils18MessageTextSetters8set_textB9_
FNF:3
FNH:0
DA:13,0
DA:14,0
DA:15,0
DA:16,0
DA:17,0
DA:18,0
DA:23,0
DA:24,0
DA:25,0
DA:26,0
DA:27,0
DA:28,0
DA:32,0
DA:33,0
DA:34,0
DA:35,0
DA:36,0
DA:37,0
BRF:0
BRH:0
LF:18
LH:0
end_of_record
SF:/Users/a.gerasimchuk/Documents/git/vkteams-bot/crates/vkteams-bot/src/api/utils/parser.rs
FN:8,_RNvYpNtNtNtNtCsbLHegzyFDEG_11vkteams_bot3api5utils6parser21MessageTextHTMLParser3newBb_
FN:25,_RNvMNtNtNtCsbLHegzyFDEG_11vkteams_bot3api5utils6parserNtNtB6_5types17MessageTextParser10parse_html
FN:80,_RNvMNtNtNtCsbLHegzyFDEG_11vkteams_bot3api5utils6parserNtNtB6_5types17MessageTextParser13replace_chars
FN:90,_RNvXs_NtNtNtCsbLHegzyFDEG_11vkteams_bot3api5utils6parserNtNtB8_5types17MessageTextParserNtB4_21MessageTextHTMLParser3add
FN:105,_RNvXs_NtNtNtCsbLHegzyFDEG_11vkteams_bot3api5utils6parserNtNtB8_5types17MessageTextParserNtB4_21MessageTextHTMLParser5parse
FN:100,_RNvXs_NtNtNtCsbLHegzyFDEG_11vkteams_bot3api5utils6parserNtNtB8_5types17MessageTextParserNtB4_21MessageTextHTMLParser5space
FN:95,_RNvXs_NtNtNtCsbLHegzyFDEG_11vkteams_bot3api5utils6parserNtNtB8_5types17MessageTextParserNtB4_21MessageTextHTMLParser9next_line
FN:90,_RNvXs_NtNtNtCs6nKU4QwA5Sb_11vkteams_bot3api5utils6parserNtNtB8_5types17MessageTextParserNtB4_21MessageTextHTMLParser3add
FN:100,_RNvXs_NtNtNtCs6nKU4QwA5Sb_11vkteams_bot3api5utils6parserNtNtB8_5types17MessageTextParserNtB4_21MessageTextHTMLParser5space
FN:95,_RNvXs_NtNtNtCs6nKU4QwA5Sb_11vkteams_bot3api5utils6parserNtNtB8_5types17MessageTextParserNtB4_21MessageTextHTMLParser9next_line
FN:8,_RNvYpNtNtNtNtCs6nKU4QwA5Sb_11vkteams_bot3api5utils6parser21MessageTextHTMLParser3newBb_
FN:25,_RNvMNtNtNtCs6nKU4QwA5Sb_11vkteams_bot3api5utils6parserNtNtB6_5types17MessageTextParser10parse_html
FN:80,_RNvMNtNtNtCs6nKU4QwA5Sb_11vkteams_bot3api5utils6parserNtNtB6_5types17MessageTextParser13replace_chars
FN:105,_RNvXs_NtNtNtCs6nKU4QwA5Sb_11vkteams_bot3api5utils6parserNtNtB8_5types17MessageTextParserNtB4_21MessageTextHTMLParser5parse
FNDA:0,_RNvYpNtNtNtNtCsbLHegzyFDEG_11vkteams_bot3api5utils6parser21MessageTextHTMLParser3newBb_
FNDA:0,_RNvMNtNtNtCsbLHegzyFDEG_11vkteams_bot3api5utils6parserNtNtB6_5types17MessageTextParser10parse_html
FNDA:0,_RNvMNtNtNtCsbLHegzyFDEG_11vkteams_bot3api5utils6parserNtNtB6_5types17MessageTextParser13replace_chars
FNDA:0,_RNvXs_NtNtNtCsbLHegzyFDEG_11vkteams_bot3api5utils6parserNtNtB8_5types17MessageTextParserNtB4_21MessageTextHTMLParser3add
FNDA:0,_RNvXs_NtNtNtCsbLHegzyFDEG_11vkteams_bot3api5utils6parserNtNtB8_5types17MessageTextParserNtB4_21MessageTextHTMLParser5parse
FNDA:0,_RNvXs_NtNtNtCsbLHegzyFDEG_11vkteams_bot3api5utils6parserNtNtB8_5types17MessageTextParserNtB4_21MessageTextHTMLParser5space
FNDA:0,_RNvXs_NtNtNtCsbLHegzyFDEG_11vkteams_bot3api5utils6parserNtNtB8_5types17MessageTextParserNtB4_21MessageTextHTMLParser9next_line
FNDA:0,_RNvXs_NtNtNtCs6nKU4QwA5Sb_11vkteams_bot3api5utils6parserNtNtB8_5types17MessageTextParserNtB4_21MessageTextHTMLParser3add
FNDA:0,_RNvXs_NtNtNtCs6nKU4QwA5Sb_11vkteams_bot3api5utils6parserNtNtB8_5types17MessageTextParserNtB4_21MessageTextHTMLParser5space
FNDA:0,_RNvXs_NtNtNtCs6nKU4QwA5Sb_11vkteams_bot3api5utils6parserNtNtB8_5types17MessageTextParserNtB4_21MessageTextHTMLParser9next_line
FNDA:0,_RNvYpNtNtNtNtCs6nKU4QwA5Sb_11vkteams_bot3api5utils6parser21MessageTextHTMLParser3newBb_
FNDA:8,_RNvMNtNtNtCs6nKU4QwA5Sb_11vkteams_bot3api5utils6parserNtNtB6_5types17MessageTextParser10parse_html
FNDA:8,_RNvMNtNtNtCs6nKU4QwA5Sb_11vkteams_bot3api5utils6parserNtNtB6_5types17MessageTextParser13replace_chars
FNDA:8,_RNvXs_NtNtNtCs6nKU4QwA5Sb_11vkteams_bot3api5utils6parserNtNtB8_5types17MessageTextParserNtB4_21MessageTextHTMLParser5parse
FNF:7
FNH:3
DA:8,0
DA:9,0
DA:10,0
DA:11,0
DA:12,0
DA:13,0
DA:25,8
DA:26,8
DA:27,4
DA:28,4
DA:29,4
DA:30,0
DA:31,0
DA:32,0
DA:33,0
DA:34,0
DA:36,0
DA:37,0
DA:38,0
DA:39,0
DA:41,0
DA:42,0
DA:43,0
DA:44,0
DA:45,0
DA:46,0
DA:47,0
DA:49,0
DA:50,0
DA:51,0
DA:53,0
DA:54,0
DA:56,0
DA:57,0
DA:58,0
DA:59,0
DA:60,0
DA:61,0
DA:62,0
DA:63,0
DA:64,0
DA:65,0
DA:67,0
DA:68,0
DA:69,0
DA:70,0
DA:71,0
DA:72,0
DA:74,0
DA:75,0
DA:76,0
DA:78,8
DA:80,8
DA:81,8
DA:82,8
DA:83,8
DA:84,8
DA:90,0
DA:91,0
DA:92,0
DA:93,0
DA:95,0
DA:96,0
DA:97,0
DA:98,0
DA:100,0
DA:101,0
DA:102,0
DA:103,0
DA:105,8
DA:106,8
DA:107,8
DA:109,12
DA:110,8
DA:111,0
DA:112,8
DA:113,8
DA:115,4
DA:119,0
DA:120,0
DA:122,0
DA:124,8
BRF:0
BRH:0
LF:82
LH:20
end_of_record
[...]
FNDA:0,_RNvMs6_NtNtNtCs6nKU4QwA5Sb_11vkteams_bot3api6myself3getNtB5_14RequestSelfGet12__get_chat_id
FNDA:0,_RNvMs6_NtNtNtCs6nKU4QwA5Sb_11vkteams_bot3api8messages15delete_messagesNtB5_29RequestMessagesDeleteMessages12__get_chat_id
FNDA:0,_RNvMs6_NtNtNtCs6nKU4QwA5Sb_11vkteams_bot3api8messages21answer_callback_queryNtB5_34RequestMessagesAnswerCallbackQuery12__get_chat_id
FNDA:0,_RNvMs7_NtNtNtCs6nKU4QwA5Sb_11vkteams_bot3api5chats10avatar_setNtB5_21RequestChatsAvatarSet14__get_multipart
FNDA:0,_RNvMs7_NtNtNtCs6nKU4QwA5Sb_11vkteams_bot3api5chats10block_userNtB5_21RequestChatsBlockUser14__get_multipart
FNDA:0,_RNvMs7_NtNtNtCs6nKU4QwA5Sb_11vkteams_bot3api5chats10get_adminsNtB5_21RequestChatsGetAdmins14__get_multipart
FNDA:0,_RNvMs7_NtNtNtCs6nKU4QwA5Sb_11vkteams_bot3api5chats11get_membersNtB5_22RequestChatsGetMembers14__get_multipart
FNDA:0,_RNvMs7_NtNtNtCs6nKU4QwA5Sb_11vkteams_bot3api5chats11pin_messageNtB5_22RequestChatsPinMessage14__get_multipart
FNDA:0,_RNvMs7_NtNtNtCs6nKU4QwA5Sb_11vkteams_bot3api5chats11send_actionNtB5_22RequestChatsSendAction14__get_multipart
FNDA:0,_RNvMs7_NtNtNtCs6nKU4QwA5Sb_11vkteams_bot3api5chats12unblock_userNtB5_23RequestChatsUnblockUser14__get_multipart
FNDA:0,_RNvMs7_NtNtNtCs6nKU4QwA5Sb_11vkteams_bot3api5chats13unpin_messageNtB5_24RequestChatsUnpinMessage14__get_multipart
FNDA:0,_RNvMs7_NtNtNtCs6nKU4QwA5Sb_11vkteams_bot3api5chats14members_deleteNtB5_25RequestChatsMembersDelete14__get_multipart
FNDA:0,_RNvMs7_NtNtNtCs6nKU4QwA5Sb_11vkteams_bot3api5chats16resolve_pendingsNtB5_26RequestChatsResolvePending14__get_multipart
FNDA:0,_RNvMs7_NtNtNtCs6nKU4QwA5Sb_11vkteams_bot3api5chats17get_blocked_usersNtB5_27RequestChatsGetBlockedUsers14__get_multipart
FNDA:0,_RNvMs7_NtNtNtCs6nKU4QwA5Sb_11vkteams_bot3api5chats17get_pending_usersNtB5_27RequestChatsGetPendingUsers14__get_multipart
FNDA:0,_RNvMs7_NtNtNtCs6nKU4QwA5Sb_11vkteams_bot3api5chats9set_aboutNtB5_20RequestChatsSetAbout14__get_multipart
FNDA:0,_RNvMs7_NtNtNtCs6nKU4QwA5Sb_11vkteams_bot3api5chats9set_rulesNtB5_20RequestChatsSetRules14__get_multipart
FNDA:0,_RNvMs7_NtNtNtCs6nKU4QwA5Sb_11vkteams_bot3api5chats9set_titleNtB5_20RequestChatsSetTitle14__get_multipart
FNDA:0,_RNvMs7_NtNtNtCs6nKU4QwA5Sb_11vkteams_bot3api5files8get_infoNtB5_19RequestFilesGetInfo12__get_chat_id
FNDA:0,_RNvMs7_NtNtNtCs6nKU4QwA5Sb_11vkteams_bot3api6events3getNtB5_16RequestEventsGet14__get_multipart
FNDA:0,_RNvMs7_NtNtNtCs6nKU4QwA5Sb_11vkteams_bot3api6myself3getNtB5_14RequestSelfGet14__get_multipart
FNDA:0,_RNvMs7_NtNtNtCs6nKU4QwA5Sb_11vkteams_bot3api8messages10send_voiceNtB5_24RequestMessagesSendVoice12__get_chat_id
FNDA:0,_RNvMs7_NtNtNtCs6nKU4QwA5Sb_11vkteams_bot3api8messages15delete_messagesNtB5_29RequestMessagesDeleteMessages14__get_multipart
FNDA:0,_RNvMs7_NtNtNtCs6nKU4QwA5Sb_11vkteams_bot3api8messages21answer_callback_queryNtB5_34RequestMessagesAnswerCallbackQuery14__get_multipart
FNDA:0,_RNvMs7_NtNtNtCs6nKU4QwA5Sb_11vkteams_bot3api8messages9edit_textNtB5_23RequestMessagesEditText12__get_chat_id
FNDA:0,_RNvMs7_NtNtNtCs6nKU4QwA5Sb_11vkteams_bot3api8messages9send_fileNtB5_23RequestMessagesSendFile12__get_chat_id
FNDA:0,_RNvMs7_NtNtNtCs6nKU4QwA5Sb_11vkteams_bot3api8messages9send_textNtB5_23RequestMessagesSendText12__get_chat_id
FNDA:0,_RNvMs8_NtNtNtCs6nKU4QwA5Sb_11vkteams_bot3api5files8get_infoNtB5_19RequestFilesGetInfo14__get_multipart
FNDA:0,_RNvMs8_NtNtNtCs6nKU4QwA5Sb_11vkteams_bot3api8messages10send_voiceNtB5_24RequestMessagesSendVoice14__get_multipart
FNDA:0,_RNvMs8_NtNtNtCs6nKU4QwA5Sb_11vkteams_bot3api8messages9edit_textNtB5_23RequestMessagesEditText14__get_multipart
FNDA:0,_RNvMs8_NtNtNtCs6nKU4QwA5Sb_11vkteams_bot3api8messages9send_fileNtB5_23RequestMessagesSendFile14__get_multipart
FNDA:0,_RNvMs8_NtNtNtCs6nKU4QwA5Sb_11vkteams_bot3api8messages9send_textNtB5_23RequestMessagesSendText14__get_multipart
FNDA:0,_RNvMs_NtNtNtCs6nKU4QwA5Sb_11vkteams_bot3api5chats10block_userNtB4_21RequestChatsBlockUser22with_del_last_messages
FNDA:0,_RNvMs_NtNtNtCs6nKU4QwA5Sb_11vkteams_bot3api5chats11get_membersNtB4_22RequestChatsGetMembers11with_cursor
FNDA:0,_RNvMs_NtNtNtCs6nKU4QwA5Sb_11vkteams_bot3api5chats16resolve_pendingsNtB4_26RequestChatsResolvePending12with_user_id
FNDA:0,_RNvMs_NtNtNtCs6nKU4QwA5Sb_11vkteams_bot3api5chats16resolve_pendingsNtB4_26RequestChatsResolvePending13with_everyone
FNDA:0,_RNvMs_NtNtNtCs6nKU4QwA5Sb_11vkteams_bot3api6events3getNtB4_16RequestEventsGet14with_poll_time
FNDA:0,_RNvMs_NtNtNtCs6nKU4QwA5Sb_11vkteams_bot3api8messages21answer_callback_queryNtB4_34RequestMessagesAnswerCallbackQuery15with_show_alert
FNDA:0,_RNvMs_NtNtNtCs6nKU4QwA5Sb_11vkteams_bot3api8messages21answer_callback_queryNtB4_34RequestMessagesAnswerCallbackQuery8with_url
FNDA:0,_RNvMs_NtNtNtCs6nKU4QwA5Sb_11vkteams_bot3api8messages21answer_callback_queryNtB4_34RequestMessagesAnswerCallbackQuery9with_text
FNDA:0,_RNvMsi_NtNtNtCs6nKU4QwA5Sb_11vkteams_bot3api5chats8get_infoNtB5_19RequestChatsGetInfo12__get_chat_id
FNDA:0,_RNvMsj_NtNtNtCs6nKU4QwA5Sb_11vkteams_bot3api5chats8get_infoNtB5_19RequestChatsGetInfo14__get_multipart
FNDA:0,_RNvXNtNtNtCs6nKU4QwA5Sb_11vkteams_bot3api5chats10avatar_setNtB2_21RequestChatsAvatarSetNtNtB6_5types10BotRequest11get_chat_id
FNDA:0,_RNvXNtNtNtCs6nKU4QwA5Sb_11vkteams_bot3api5chats10avatar_setNtB2_21RequestChatsAvatarSetNtNtB6_5types10BotRequest13get_multipart
FNDA:0,_RNvXNtNtNtCs6nKU4QwA5Sb_11vkteams_bot3api5chats10avatar_setNtB2_21RequestChatsAvatarSetNtNtB6_5types10BotRequest3new
FNDA:0,_RNvXNtNtNtCs6nKU4QwA5Sb_11vkteams_bot3api5chats10block_userNtB2_21RequestChatsBlockUserNtNtB6_5types10BotRequest11get_chat_id
FNDA:0,_RNvXNtNtNtCs6nKU4QwA5Sb_11vkteams_bot3api5chats10block_userNtB2_21RequestChatsBlockUserNtNtB6_5types10BotRequest13get_multipart
FNDA:0,_RNvXNtNtNtCs6nKU4QwA5Sb_11vkteams_bot3api5chats10block_userNtB2_21RequestChatsBlockUserNtNtB6_5types10BotRequest3new
FNDA:0,_RNvXNtNtNtCs6nKU4QwA5Sb_11vkteams_bot3api5chats10get_adminsNtB2_21RequestChatsGetAdminsNtNtB6_5types10BotRequest11get_chat_id
FNDA:0,_RNvXNtNtNtCs6nKU4QwA5Sb_11vkteams_bot3api5chats10get_adminsNtB2_21RequestChatsGetAdminsNtNtB6_5types10BotRequest13get_multipart
FNDA:0,_RNvXNtNtNtCs6nKU4QwA5Sb_11vkteams_bot3api5chats10get_adminsNtB2_21RequestChatsGetAdminsNtNtB6_5types10BotRequest3new
FNDA:0,_RNvXNtNtNtCs6nKU4QwA5Sb_11vkteams_bot3api5chats11get_membersNtB2_22RequestChatsGetMembersNtNtB6_5types10BotRequest11get_chat_id
FNDA:0,_RNvXNtNtNtCs6nKU4QwA5Sb_11vkteams_bot3api5chats11get_membersNtB2_22RequestChatsGetMembersNtNtB6_5types10BotRequest13get_multipart
FNDA:0,_RNvXNtNtNtCs6nKU4QwA5Sb_11vkteams_bot3api5chats11get_membersNtB2_22RequestChatsGetMembersNtNtB6_5types10BotRequest3new
FNDA:0,_RNvXNtNtNtCs6nKU4QwA5Sb_11vkteams_bot3api5chats11pin_messageNtB2_22RequestChatsPinMessageNtNtB6_5types10BotRequest11get_chat_id
FNDA:0,_RNvXNtNtNtCs6nKU4QwA5Sb_11vkteams_bot3api5chats11pin_messageNtB2_22RequestChatsPinMessageNtNtB6_5types10BotRequest13get_multipart
FNDA:0,_RNvXNtNtNtCs6nKU4QwA5Sb_11vkteams_bot3api5chats11pin_messageNtB2_22RequestChatsPinMessageNtNtB6_5types10BotRequest3new
FNDA:0,_RNvXNtNtNtCs6nKU4QwA5Sb_11vkteams_bot3api5chats11send_actionNtB2_22RequestChatsSendActionNtNtB6_5types10BotRequest11get_chat_id
FNDA:0,_RNvXNtNtNtCs6nKU4QwA5Sb_11vkteams_bot3api5chats11send_actionNtB2_22RequestChatsSendActionNtNtB6_5types10BotRequest13get_multipart
FNDA:0,_RNvXNtNtNtCs6nKU4QwA5Sb_11vkteams_bot3api5chats11send_actionNtB2_22RequestChatsSendActionNtNtB6_5types10BotRequest3new
FNDA:0,_RNvXNtNtNtCs6nKU4QwA5Sb_11vkteams_bot3api5chats12unblock_userNtB2_23RequestChatsUnblockUserNtNtB6_5types10BotRequest11get_chat_id
FNDA:0,_RNvXNtNtNtCs6nKU4QwA5Sb_11vkteams_bot3api5chats12unblock_userNtB2_23RequestChatsUnblockUserNtNtB6_5types10BotRequest13get_multipart
FNDA:0,_RNvXNtNtNtCs6nKU4QwA5Sb_11vkteams_bot3api5chats12unblock_userNtB2_23RequestChatsUnblockUserNtNtB6_5types10BotRequest3new
FNDA:0,_RNvXNtNtNtCs6nKU4QwA5Sb_11vkteams_bot3api5chats13unpin_messageNtB2_24RequestChatsUnpinMessageNtNtB6_5types10BotRequest11get_chat_id
FNDA:0,_RNvXNtNtNtCs6nKU4QwA5Sb_11vkteams_bot3api5chats13unpin_messageNtB2_24RequestChatsUnpinMessageNtNtB6_5types10BotRequest13get_multipart
FNDA:0,_RNvXNtNtNtCs6nKU4QwA5Sb_11vkteams_bot3api5chats13unpin_messageNtB2_24RequestChatsUnpinMessageNtNtB6_5types10BotRequest3new
FNDA:0,_RNvXNtNtNtCs6nKU4QwA5Sb_11vkteams_bot3api5chats14members_deleteNtB2_25RequestChatsMembersDeleteNtNtB6_5types10BotRequest11get_chat_id
FNDA:0,_RNvXNtNtNtCs6nKU4QwA5Sb_11vkteams_bot3api5chats14members_deleteNtB2_25RequestChatsMembersDeleteNtNtB6_5types10BotRequest13get_multipart
FNDA:0,_RNvXNtNtNtCs6nKU4QwA5Sb_11vkteams_bot3api5chats14members_deleteNtB2_25RequestChatsMembersDeleteNtNtB6_5types10BotRequest3new
FNDA:0,_RNvXNtNtNtCs6nKU4QwA5Sb_11vkteams_bot3api5chats16resolve_pendingsNtB2_26RequestChatsResolvePendingNtNtB6_5types10BotRequest11get_chat_id
FNDA:0,_RNvXNtNtNtCs6nKU4QwA5Sb_11vkteams_bot3api5chats16resolve_pendingsNtB2_26RequestChatsResolvePendingNtNtB6_5types10BotRequest13get_multipart
FNDA:0,_RNvXNtNtNtCs6nKU4QwA5Sb_11vkteams_bot3api5chats16resolve_pendingsNtB2_26RequestChatsResolvePendingNtNtB6_5types10BotRequest3new
FNDA:0,_RNvXNtNtNtCs6nKU4QwA5Sb_11vkteams_bot3api5chats17get_blocked_usersNtB2_27RequestChatsGetBlockedUsersNtNtB6_5types10BotRequest11get_chat_id
FNDA:0,_RNvXNtNtNtCs6nKU4QwA5Sb_11vkteams_bot3api5chats17get_blocked_usersNtB2_27RequestChatsGetBlockedUsersNtNtB6_5types10BotRequest13get_multipart
FNDA:0,_RNvXNtNtNtCs6nKU4QwA5Sb_11vkteams_bot3api5chats17get_blocked_usersNtB2_27RequestChatsGetBlockedUsersNtNtB6_5types10BotRequest3new
FNDA:0,_RNvXNtNtNtCs6nKU4QwA5Sb_11vkteams_bot3api5chats17get_pending_usersNtB2_27RequestChatsGetPendingUsersNtNtB6_5types10BotRequest11get_chat_id
FNDA:0,_RNvXNtNtNtCs6nKU4QwA5Sb_11vkteams_bot3api5chats17get_pending_usersNtB2_27RequestChatsGetPendingUsersNtNtB6_5types10BotRequest13get_multipart
FNDA:0,_RNvXNtNtNtCs6nKU4QwA5Sb_11vkteams_bot3api5chats17get_pending_usersNtB2_27RequestChatsGetPendingUsersNtNtB6_5types10BotRequest3new
FNDA:0,_RNvXNtNtNtCs6nKU4QwA5Sb_11vkteams_bot3api5chats8get_infoNtB2_19RequestChatsGetInfoNtNtB6_5types10BotRequest11get_chat_id
FNDA:0,_RNvXNtNtNtCs6nKU4QwA5Sb_11vkteams_bot3api5chats8get_infoNtB2_19RequestChatsGetInfoNtNtB6_5types10BotRequest13get_multipart
FNDA:0,_RNvXNtNtNtCs6nKU4QwA5Sb_11vkteams_bot3api5chats8get_infoNtB2_19RequestChatsGetInfoNtNtB6_5types10BotRequest3new
FNDA:0,_RNvXNtNtNtCs6nKU4QwA5Sb_11vkteams_bot3api5chats9set_aboutNtB2_20RequestChatsSetAboutNtNtB6_5types10BotRequest11get_chat_id
FNDA:0,_RNvXNtNtNtCs6nKU4QwA5Sb_11vkteams_bot3api5chats9set_aboutNtB2_20RequestChatsSetAboutNtNtB6_5types10BotRequest13get_multipart
FNDA:0,_RNvXNtNtNtCs6nKU4QwA5Sb_11vkteams_bot3api5chats9set_aboutNtB2_20RequestChatsSetAboutNtNtB6_5types10BotRequest3new
FNDA:0,_RNvXNtNtNtCs6nKU4QwA5Sb_11vkteams_bot3api5chats9set_rulesNtB2_20RequestChatsSetRulesNtNtB6_5types10BotRequest11get_chat_id
FNDA:0,_RNvXNtNtNtCs6nKU4QwA5Sb_11vkteams_bot3api5chats9set_rulesNtB2_20RequestChatsSetRulesNtNtB6_5types10BotRequest13get_multipart
FNDA:0,_RNvXNtNtNtCs6nKU4QwA5Sb_11vkteams_bot3api5chats9set_rulesNtB2_20RequestChatsSetRulesNtNtB6_5types10BotRequest3new
FNDA:0,_RNvXNtNtNtCs6nKU4QwA5Sb_11vkteams_bot3api5chats9set_titleNtB2_20RequestChatsSetTitleNtNtB6_5types10BotRequest11get_chat_id
FNDA:0,_RNvXNtNtNtCs6nKU4QwA5Sb_11vkteams_bot3api5chats9set_titleNtB2_20RequestChatsSetTitleNtNtB6_5types10BotRequest13get_multipart
FNDA:0,_RNvXNtNtNtCs6nKU4QwA5Sb_11vkteams_bot3api5chats9set_titleNtB2_20RequestChatsSetTitleNtNtB6_5types10BotRequest3new
FNDA:0,_RNvXNtNtNtCs6nKU4QwA5Sb_11vkteams_bot3api6events3getNtB2_16RequestEventsGetNtNtB6_5types10BotRequest11get_chat_id
FNDA:0,_RNvXNtNtNtCs6nKU4QwA5Sb_11vkteams_bot3api6events3getNtB2_16RequestEventsGetNtNtB6_5types10BotRequest13get_multipart
FNDA:0,_RNvXNtNtNtCs6nKU4QwA5Sb_11vkteams_bot3api6events3getNtB2_16RequestEventsGetNtNtB6_5types10BotRequest3new
FNDA:0,_RNvXNtNtNtCs6nKU4QwA5Sb_11vkteams_bot3api6myself3getNtB2_14RequestSelfGetNtNtB6_5types10BotRequest11get_chat_id
FNDA:0,_RNvXNtNtNtCs6nKU4QwA5Sb_11vkteams_bot3api6myself3getNtB2_14RequestSelfGetNtNtB6_5types10BotRequest13get_multipart
FNDA:0,_RNvXNtNtNtCs6nKU4QwA5Sb_11vkteams_bot3api6myself3getNtB2_14RequestSelfGetNtNtB6_5types10BotRequest3new
FNDA:0,_RNvXNtNtNtCs6nKU4QwA5Sb_11vkteams_bot3api8messages15delete_messagesNtB2_29RequestMessagesDeleteMessagesNtNtB6_5types10BotRequest11get_chat_id
FNDA:0,_RNvXNtNtNtCs6nKU4QwA5Sb_11vkteams_bot3api8messages15delete_messagesNtB2_29RequestMessagesDeleteMessagesNtNtB6_5types10BotRequest13get_multipart
FNDA:0,_RNvXNtNtNtCs6nKU4QwA5Sb_11vkteams_bot3api8messages15delete_messagesNtB2_29RequestMessagesDeleteMessagesNtNtB6_5types10BotRequest3new
FNDA:0,_RNvXNtNtNtCs6nKU4QwA5Sb_11vkteams_bot3api8messages21answer_callback_queryNtB2_34RequestMessagesAnswerCallbackQueryNtNtB6_5types10BotRequest11get_chat_id
FNDA:0,_RNvXNtNtNtCs6nKU4QwA5Sb_11vkteams_bot3api8messages21answer_callback_queryNtB2_34RequestMessagesAnswerCallbackQueryNtNtB6_5types10BotRequest13get_multipart
FNDA:0,_RNvXNtNtNtCs6nKU4QwA5Sb_11vkteams_bot3api8messages21answer_callback_queryNtB2_34RequestMessagesAnswerCallbackQueryNtNtB6_5types10BotRequest3new
FNDA:0,_RNvXs_NtNtNtCs6nKU4QwA5Sb_11vkteams_bot3api5files8get_infoNtB4_19RequestFilesGetInfoNtNtB8_5types10BotRequest11get_chat_id
FNDA:0,_RNvXs_NtNtNtCs6nKU4QwA5Sb_11vkteams_bot3api5files8get_infoNtB4_19RequestFilesGetInfoNtNtB8_5types10BotRequest13get_multipart
FNDA:0,_RNvXs_NtNtNtCs6nKU4QwA5Sb_11vkteams_bot3api5files8get_infoNtB4_19RequestFilesGetInfoNtNtB8_5types10BotRequest3new
FNDA:0,_RNvXs_NtNtNtCs6nKU4QwA5Sb_11vkteams_bot3api8messages10send_voiceNtB4_24RequestMessagesSendVoiceNtNtB8_5types10BotRequest11get_chat_id
FNDA:0,_RNvXs_NtNtNtCs6nKU4QwA5Sb_11vkteams_bot3api8messages10send_voiceNtB4_24RequestMessagesSendVoiceNtNtB8_5types10BotRequest13get_multipart
FNDA:0,_RNvXs_NtNtNtCs6nKU4QwA5Sb_11vkteams_bot3api8messages9edit_textNtB4_23RequestMessagesEditTextNtNtB8_5types10BotRequest11get_chat_id
FNDA:0,_RNvXs_NtNtNtCs6nKU4QwA5Sb_11vkteams_bot3api8messages9edit_textNtB4_23RequestMessagesEditTextNtNtB8_5types10BotRequest13get_multipart
FNDA:0,_RNvXs_NtNtNtCs6nKU4QwA5Sb_11vkteams_bot3api8messages9send_fileNtB4_23RequestMessagesSendFileNtNtB8_5types10BotRequest11get_chat_id
FNDA:0,_RNvXs_NtNtNtCs6nKU4QwA5Sb_11vkteams_bot3api8messages9send_fileNtB4_23RequestMessagesSendFileNtNtB8_5types10BotRequest13get_multipart
FNDA:0,_RNvXs_NtNtNtCs6nKU4QwA5Sb_11vkteams_bot3api8messages9send_textNtB4_23RequestMessagesSendTextNtNtB8_5types10BotRequest11get_chat_id
FNDA:0,_RNvXs_NtNtNtCs6nKU4QwA5Sb_11vkteams_bot3api8messages9send_textNtB4_23RequestMessagesSendTextNtNtB8_5types10BotRequest13get_multipart
FNDA:1,_RNvMs0_NtNtNtCs6nKU4QwA5Sb_11vkteams_bot3api8messages9edit_textNtB5_23RequestMessagesEditText15with_parse_mode
FNDA:1,_RNvMs0_NtNtNtCs6nKU4QwA5Sb_11vkteams_bot3api8messages9edit_textNtB5_23RequestMessagesEditText27with_inline_keyboard_markup
FNDA:1,_RNvMs0_NtNtNtCs6nKU4QwA5Sb_11vkteams_bot3api8messages9edit_textNtB5_23RequestMessagesEditText9with_text
FNDA:3,_RNvXs_NtNtNtCs6nKU4QwA5Sb_11vkteams_bot3api8messages9edit_textNtB4_23RequestMessagesEditTextNtNtB8_5types10BotRequest3new
FNDA:1,_RNvMs0_NtNtNtCs6nKU4QwA5Sb_11vkteams_bot3api8messages9send_textNtB5_23RequestMessagesSendText15with_parse_mode
FNDA:1,_RNvMs0_NtNtNtCs6nKU4QwA5Sb_11vkteams_bot3api8messages9send_textNtB5_23RequestMessagesSendText27with_inline_keyboard_markup
FNDA:1,_RNvMs0_NtNtNtCs6nKU4QwA5Sb_11vkteams_bot3api8messages9send_textNtB5_23RequestMessagesSendText9with_text
FNDA:3,_RNvXs_NtNtNtCs6nKU4QwA5Sb_11vkteams_bot3api8messages9send_textNtB4_23RequestMessagesSendTextNtNtB8_5types10BotRequest3new
FNDA:1,_RNvMs0_NtNtNtCs6nKU4QwA5Sb_11vkteams_bot3api8messages10send_voiceNtB5_24RequestMessagesSendVoice15with_parse_mode
FNDA:1,_RNvMs0_NtNtNtCs6nKU4QwA5Sb_11vkteams_bot3api8messages10send_voiceNtB5_24RequestMessagesSendVoice19with_forward_msg_id
FNDA:1,_RNvMs0_NtNtNtCs6nKU4QwA5Sb_11vkteams_bot3api8messages10send_voiceNtB5_24RequestMessagesSendVoice20with_forward_chat_id
FNDA:1,_RNvMs0_NtNtNtCs6nKU4QwA5Sb_11vkteams_bot3api8messages10send_voiceNtB5_24RequestMessagesSendVoice27with_inline_keyboard_markup
FNDA:1,_RNvMs0_NtNtNtCs6nKU4QwA5Sb_11vkteams_bot3api8messages10send_voiceNtB5_24RequestMessagesSendVoice9with_text
FNDA:4,_RNvXs_NtNtNtCs6nKU4QwA5Sb_11vkteams_bot3api8messages10send_voiceNtB4_24RequestMessagesSendVoiceNtNtB8_5types10BotRequest3new
FNF:5
FNH:2
DA:41,0
DA:65,14
DA:66,14
DA:67,14
DA:68,14
DA:69,14
DA:70,14
DA:72,0
DA:73,0
DA:74,0
DA:76,0
DA:77,0
DA:78,0
DA:85,16
DA:86,16
DA:87,16
DA:88,16
BRF:0
BRH:0
LF:17
LH:10
end_of_record
SF:/Users/a.gerasimchuk/Documents/git/vkteams-bot/crates/vkteams-bot/src/otlp.rs
FN:38,_RNCNvNtCsbLHegzyFDEG_11vkteams_bot4otlp11init_traces0B5_
FN:64,_RNCNvNtCsbLHegzyFDEG_11vkteams_bot4otlp12init_metrics0B5_
FN:228,_RNvXNtCsbLHegzyFDEG_11vkteams_bot4otlpNtB2_9OtelGuardNtNtNtCsaTRkahAGrLL_4core3ops4drop4Drop4drop
FN:38,_RNCNvNtCs6nKU4QwA5Sb_11vkteams_bot4otlp11init_traces0B5_
FN:64,_RNCNvNtCs6nKU4QwA5Sb_11vkteams_bot4otlp12init_metrics0B5_
FN:102,_RNvNtCs6nKU4QwA5Sb_11vkteams_bot4otlp10fmt_filter
FN:35,_RNvNtCs6nKU4QwA5Sb_11vkteams_bot4otlp11init_traces
FN:91,_RNvNtCs6nKU4QwA5Sb_11vkteams_bot4otlp12filter_layer
FN:19,_RNvNtCs6nKU4QwA5Sb_11vkteams_bot4otlp12get_resource
FN:61,_RNvNtCs6nKU4QwA5Sb_11vkteams_bot4otlp12init_metrics
FN:121,_RNvNtCs6nKU4QwA5Sb_11vkteams_bot4otlp4init
FN:228,_RNvXNtCs6nKU4QwA5Sb_11vkteams_bot4otlpNtB2_9OtelGuardNtNtNtCsaTRkahAGrLL_4core3ops4drop4Drop4drop
FNDA:0,_RNCNvNtCsbLHegzyFDEG_11vkteams_bot4otlp11init_traces0B5_
FNDA:0,_RNCNvNtCsbLHegzyFDEG_11vkteams_bot4otlp12init_metrics0B5_
FNDA:0,_RNvXNtCsbLHegzyFDEG_11vkteams_bot4otlpNtB2_9OtelGuardNtNtNtCsaTRkahAGrLL_4core3ops4drop4Drop4drop
FNDA:0,_RNCNvNtCs6nKU4QwA5Sb_11vkteams_bot4otlp11init_traces0B5_
FNDA:0,_RNCNvNtCs6nKU4QwA5Sb_11vkteams_bot4otlp12init_metrics0B5_
FNDA:0,_RNvNtCs6nKU4QwA5Sb_11vkteams_bot4otlp10fmt_filter
FNDA:0,_RNvNtCs6nKU4QwA5Sb_11vkteams_bot4otlp11init_traces
FNDA:0,_RNvNtCs6nKU4QwA5Sb_11vkteams_bot4otlp12filter_layer
FNDA:0,_RNvNtCs6nKU4QwA5Sb_11vkteams_bot4otlp12get_resource
FNDA:0,_RNvNtCs6nKU4QwA5Sb_11vkteams_bot4otlp12init_metrics
FNDA:0,_RNvNtCs6nKU4QwA5Sb_11vkteams_bot4otlp4init
FNDA:0,_RNvXNtCs6nKU4QwA5Sb_11vkteams_bot4otlpNtB2_9OtelGuardNtNtNtCsaTRkahAGrLL_4core3ops4drop4Drop4drop
FNF:9
FNH:0
DA:19,0
DA:20,0
DA:21,0
DA:22,0
DA:23,0
DA:24,0
DA:25,0
DA:26,0
DA:27,0
DA:28,0
DA:29,0
DA:30,0
DA:31,0
DA:32,0
DA:33,0
DA:35,0
DA:36,0
DA:37,0
DA:38,0
DA:39,0
DA:40,0
DA:41,0
DA:42,0
DA:44,0
DA:45,0
DA:46,0
DA:47,0
DA:48,0
DA:49,0
DA:51,0
DA:52,0
DA:53,0
DA:54,0
DA:55,0
DA:56,0
DA:57,0
DA:58,0
DA:59,0
DA:61,0
DA:62,0
DA:64,0
DA:65,0
DA:66,0
DA:67,0
DA:68,0
DA:69,0
DA:70,0
DA:71,0
DA:72,0
DA:73,0
DA:74,0
DA:75,0
DA:77,0
DA:78,0
DA:79,0
DA:80,0
DA:81,0
DA:82,0
DA:83,0
DA:84,0
DA:85,0
DA:86,0
DA:87,0
DA:88,0
DA:89,0
DA:91,0
DA:92,0
DA:93,0
DA:94,0
DA:95,0
DA:96,0
DA:99,0
DA:100,0
DA:102,0
DA:103,0
DA:105,0
DA:106,0
DA:107,0
DA:108,0
DA:109,0
DA:110,0
DA:111,0
DA:112,0
DA:114,0
DA:115,0
DA:118,0
DA:119,0
DA:121,0
DA:122,0
DA:123,0
DA:124,0
DA:125,0
DA:126,0
DA:129,0
DA:131,0
DA:132,0
DA:133,0
DA:134,0
DA:135,0
DA:136,0
DA:139,0
DA:140,0
DA:141,0
DA:142,0
DA:143,0
DA:144,0
DA:145,0
DA:146,0
DA:147,0
DA:148,0
DA:149,0
DA:150,0
DA:151,0
DA:152,0
DA:153,0
DA:154,0
DA:155,0
DA:156,0
DA:157,0
DA:158,0
DA:159,0
DA:160,0
DA:161,0
DA:162,0
DA:163,0
DA:164,0
DA:165,0
DA:166,0
DA:168,0
DA:169,0
DA:170,0
DA:171,0
DA:172,0
DA:173,0
DA:174,0
DA:175,0
DA:176,0
DA:177,0
DA:178,0
DA:179,0
DA:180,0
DA:181,0
DA:182,0
DA:183,0
DA:184,0
DA:185,0
DA:187,0
DA:188,0
DA:189,0
DA:190,0
DA:191,0
DA:192,0
DA:193,0
DA:194,0
DA:196,0
DA:197,0
DA:198,0
DA:199,0
DA:200,0
DA:201,0
DA:202,0
DA:203,0
DA:204,0
DA:205,0
DA:206,0
DA:207,0
DA:208,0
DA:209,0
DA:210,0
DA:211,0
DA:212,0
DA:213,0
DA:216,0
DA:217,0
DA:218,0
DA:219,0
DA:220,0
DA:228,0
DA:229,0
DA:230,0
DA:231,0
DA:232,0
DA:233,0
DA:234,0
DA:235,0
DA:236,0
DA:237,0
DA:238,0
DA:239,0
BRF:0
BRH:0
LF:193
LH:0
end_of_record